This is pdfTeX, Version 3.141592653-2.6-1.40.22 (TeX Live 2022/dev/Debian) (preloaded format=pdflatex 2024.11.26)  3 MAR 2025 15:28
entering extended mode
 restricted \write18 enabled.
 %&-line parsing enabled.
**cour.tex
(./cour.tex
LaTeX2e <2021-11-15> patch level 1
L3 programming layer <2022-01-21>
(/usr/share/texlive/texmf-dist/tex/latex/beamer/beamer.cls
Document Class: beamer 2022/01/21 v3.65 A class for typesetting presentations
(/usr/share/texlive/texmf-dist/tex/latex/beamer/beamerbasemodes.sty
(/usr/share/texlive/texmf-dist/tex/latex/etoolbox/etoolbox.sty
Package: etoolbox 2020/10/05 v2.5k e-TeX tools for LaTeX (JAW)
\etb@tempcnta=\count185
)
\beamer@tempbox=\box50
\beamer@tempcount=\count186
\c@beamerpauses=\count187

(/usr/share/texlive/texmf-dist/tex/latex/beamer/beamerbasedecode.sty
\beamer@slideinframe=\count188
\beamer@minimum=\count189
\beamer@decode@box=\box51
)
\beamer@commentbox=\box52
\beamer@modecount=\count190
)
(/usr/share/texlive/texmf-dist/tex/generic/iftex/ifpdf.sty
Package: ifpdf 2019/10/25 v3.4 ifpdf legacy package. Use iftex instead.

(/usr/share/texlive/texmf-dist/tex/generic/iftex/iftex.sty
Package: iftex 2020/03/06 v1.0d TeX engine tests
))
\headdp=\dimen138
\footheight=\dimen139
\sidebarheight=\dimen140
\beamer@tempdim=\dimen141
\beamer@finalheight=\dimen142
\beamer@animht=\dimen143
\beamer@animdp=\dimen144
\beamer@animwd=\dimen145
\beamer@leftmargin=\dimen146
\beamer@rightmargin=\dimen147
\beamer@leftsidebar=\dimen148
\beamer@rightsidebar=\dimen149
\beamer@boxsize=\dimen150
\beamer@vboxoffset=\dimen151
\beamer@descdefault=\dimen152
\beamer@descriptionwidth=\dimen153
\beamer@lastskip=\skip47
\beamer@areabox=\box53
\beamer@animcurrent=\box54
\beamer@animshowbox=\box55
\beamer@sectionbox=\box56
\beamer@logobox=\box57
\beamer@linebox=\box58
\beamer@sectioncount=\count191
\beamer@subsubsectionmax=\count192
\beamer@subsectionmax=\count193
\beamer@sectionmax=\count194
\beamer@totalheads=\count195
\beamer@headcounter=\count196
\beamer@partstartpage=\count197
\beamer@sectionstartpage=\count198
\beamer@subsectionstartpage=\count199
\beamer@animationtempa=\count266
\beamer@animationtempb=\count267
\beamer@xpos=\count268
\beamer@ypos=\count269
\beamer@ypos@offset=\count270
\beamer@showpartnumber=\count271
\beamer@currentsubsection=\count272
\beamer@coveringdepth=\count273
\beamer@sectionadjust=\count274
\beamer@toclastsection=\count275
\beamer@tocsectionnumber=\count276

(/usr/share/texlive/texmf-dist/tex/latex/beamer/beamerbaseoptions.sty
(/usr/share/texlive/texmf-dist/tex/latex/graphics/keyval.sty
Package: keyval 2014/10/28 v1.15 key=value parser (DPC)
\KV@toks@=\toks16
))
\beamer@paperwidth=\skip48
\beamer@paperheight=\skip49

(/usr/share/texlive/texmf-dist/tex/latex/geometry/geometry.sty
Package: geometry 2020/01/02 v5.9 Page Geometry

(/usr/share/texlive/texmf-dist/tex/generic/iftex/ifvtex.sty
Package: ifvtex 2019/10/25 v1.7 ifvtex legacy package. Use iftex instead.
)
\Gm@cnth=\count277
\Gm@cntv=\count278
\c@Gm@tempcnt=\count279
\Gm@bindingoffset=\dimen154
\Gm@wd@mp=\dimen155
\Gm@odd@mp=\dimen156
\Gm@even@mp=\dimen157
\Gm@layoutwidth=\dimen158
\Gm@layoutheight=\dimen159
\Gm@layouthoffset=\dimen160
\Gm@layoutvoffset=\dimen161
\Gm@dimlist=\toks17
)
(/usr/share/texlive/texmf-dist/tex/latex/pgf/basiclayer/pgfcore.sty
(/usr/share/texlive/texmf-dist/tex/latex/graphics/graphicx.sty
Package: graphicx 2021/09/16 v1.2d Enhanced LaTeX Graphics (DPC,SPQR)

(/usr/share/texlive/texmf-dist/tex/latex/graphics/graphics.sty
Package: graphics 2021/03/04 v1.4d Standard LaTeX Graphics (DPC,SPQR)

(/usr/share/texlive/texmf-dist/tex/latex/graphics/trig.sty
Package: trig 2021/08/11 v1.11 sin cos tan (DPC)
)
(/usr/share/texlive/texmf-dist/tex/latex/graphics-cfg/graphics.cfg
File: graphics.cfg 2016/06/04 v1.11 sample graphics configuration
)
Package graphics Info: Driver file: pdftex.def on input line 107.

(/usr/share/texlive/texmf-dist/tex/latex/graphics-def/pdftex.def
File: pdftex.def 2020/10/05 v1.2a Graphics/color driver for pdftex
))
\Gin@req@height=\dimen162
\Gin@req@width=\dimen163
)
(/usr/share/texlive/texmf-dist/tex/latex/pgf/systemlayer/pgfsys.sty
(/usr/share/texlive/texmf-dist/tex/latex/pgf/utilities/pgfrcs.sty
(/usr/share/texlive/texmf-dist/tex/generic/pgf/utilities/pgfutil-common.tex
\pgfutil@everybye=\toks18
\pgfutil@tempdima=\dimen164
\pgfutil@tempdimb=\dimen165

(/usr/share/texlive/texmf-dist/tex/generic/pgf/utilities/pgfutil-common-lists.t
ex)) (/usr/share/texlive/texmf-dist/tex/generic/pgf/utilities/pgfutil-latex.def
\pgfutil@abb=\box59
) (/usr/share/texlive/texmf-dist/tex/generic/pgf/utilities/pgfrcs.code.tex
(/usr/share/texlive/texmf-dist/tex/generic/pgf/pgf.revision.tex)
Package: pgfrcs 2021/05/15 v3.1.9a (3.1.9a)
))
(/usr/share/texlive/texmf-dist/tex/generic/pgf/systemlayer/pgfsys.code.tex
Package: pgfsys 2021/05/15 v3.1.9a (3.1.9a)

(/usr/share/texlive/texmf-dist/tex/generic/pgf/utilities/pgfkeys.code.tex
\pgfkeys@pathtoks=\toks19
\pgfkeys@temptoks=\toks20

(/usr/share/texlive/texmf-dist/tex/generic/pgf/utilities/pgfkeysfiltered.code.t
ex
\pgfkeys@tmptoks=\toks21
))
\pgf@x=\dimen166
\pgf@y=\dimen167
\pgf@xa=\dimen168
\pgf@ya=\dimen169
\pgf@xb=\dimen170
\pgf@yb=\dimen171
\pgf@xc=\dimen172
\pgf@yc=\dimen173
\pgf@xd=\dimen174
\pgf@yd=\dimen175
\w@pgf@writea=\write3
\r@pgf@reada=\read2
\c@pgf@counta=\count280
\c@pgf@countb=\count281
\c@pgf@countc=\count282
\c@pgf@countd=\count283
\t@pgf@toka=\toks22
\t@pgf@tokb=\toks23
\t@pgf@tokc=\toks24
\pgf@sys@id@count=\count284
 (/usr/share/texlive/texmf-dist/tex/generic/pgf/systemlayer/pgf.cfg
File: pgf.cfg 2021/05/15 v3.1.9a (3.1.9a)
)
Driver file for pgf: pgfsys-pdftex.def

(/usr/share/texlive/texmf-dist/tex/generic/pgf/systemlayer/pgfsys-pdftex.def
File: pgfsys-pdftex.def 2021/05/15 v3.1.9a (3.1.9a)

(/usr/share/texlive/texmf-dist/tex/generic/pgf/systemlayer/pgfsys-common-pdf.de
f
File: pgfsys-common-pdf.def 2021/05/15 v3.1.9a (3.1.9a)
)))
(/usr/share/texlive/texmf-dist/tex/generic/pgf/systemlayer/pgfsyssoftpath.code.
tex
File: pgfsyssoftpath.code.tex 2021/05/15 v3.1.9a (3.1.9a)
\pgfsyssoftpath@smallbuffer@items=\count285
\pgfsyssoftpath@bigbuffer@items=\count286
)
(/usr/share/texlive/texmf-dist/tex/generic/pgf/systemlayer/pgfsysprotocol.code.
tex
File: pgfsysprotocol.code.tex 2021/05/15 v3.1.9a (3.1.9a)
)) (/usr/share/texlive/texmf-dist/tex/latex/xcolor/xcolor.sty
Package: xcolor 2021/10/31 v2.13 LaTeX color extensions (UK)

(/usr/share/texlive/texmf-dist/tex/latex/graphics-cfg/color.cfg
File: color.cfg 2016/01/02 v1.6 sample color configuration
)
Package xcolor Info: Driver file: pdftex.def on input line 227.
Package xcolor Info: Model `cmy' substituted by `cmy0' on input line 1352.
Package xcolor Info: Model `hsb' substituted by `rgb' on input line 1356.
Package xcolor Info: Model `RGB' extended on input line 1368.
Package xcolor Info: Model `HTML' substituted by `rgb' on input line 1370.
Package xcolor Info: Model `Hsb' substituted by `hsb' on input line 1371.
Package xcolor Info: Model `tHsb' substituted by `hsb' on input line 1372.
Package xcolor Info: Model `HSB' substituted by `hsb' on input line 1373.
Package xcolor Info: Model `Gray' substituted by `gray' on input line 1374.
Package xcolor Info: Model `wave' substituted by `hsb' on input line 1375.
)
(/usr/share/texlive/texmf-dist/tex/generic/pgf/basiclayer/pgfcore.code.tex
Package: pgfcore 2021/05/15 v3.1.9a (3.1.9a)

(/usr/share/texlive/texmf-dist/tex/generic/pgf/math/pgfmath.code.tex
(/usr/share/texlive/texmf-dist/tex/generic/pgf/math/pgfmathcalc.code.tex
(/usr/share/texlive/texmf-dist/tex/generic/pgf/math/pgfmathutil.code.tex)
(/usr/share/texlive/texmf-dist/tex/generic/pgf/math/pgfmathparser.code.tex
\pgfmath@dimen=\dimen176
\pgfmath@count=\count287
\pgfmath@box=\box60
\pgfmath@toks=\toks25
\pgfmath@stack@operand=\toks26
\pgfmath@stack@operation=\toks27
)
(/usr/share/texlive/texmf-dist/tex/generic/pgf/math/pgfmathfunctions.code.tex
(/usr/share/texlive/texmf-dist/tex/generic/pgf/math/pgfmathfunctions.basic.code
.tex)
(/usr/share/texlive/texmf-dist/tex/generic/pgf/math/pgfmathfunctions.trigonomet
ric.code.tex)
(/usr/share/texlive/texmf-dist/tex/generic/pgf/math/pgfmathfunctions.random.cod
e.tex)
(/usr/share/texlive/texmf-dist/tex/generic/pgf/math/pgfmathfunctions.comparison
.code.tex)
(/usr/share/texlive/texmf-dist/tex/generic/pgf/math/pgfmathfunctions.base.code.
tex)
(/usr/share/texlive/texmf-dist/tex/generic/pgf/math/pgfmathfunctions.round.code
.tex)
(/usr/share/texlive/texmf-dist/tex/generic/pgf/math/pgfmathfunctions.misc.code.
tex)
(/usr/share/texlive/texmf-dist/tex/generic/pgf/math/pgfmathfunctions.integerari
thmetics.code.tex)))
(/usr/share/texlive/texmf-dist/tex/generic/pgf/math/pgfmathfloat.code.tex
\c@pgfmathroundto@lastzeros=\count288
))
(/usr/share/texlive/texmf-dist/tex/generic/pgf/math/pgfint.code.tex)
(/usr/share/texlive/texmf-dist/tex/generic/pgf/basiclayer/pgfcorepoints.code.te
x
File: pgfcorepoints.code.tex 2021/05/15 v3.1.9a (3.1.9a)
\pgf@picminx=\dimen177
\pgf@picmaxx=\dimen178
\pgf@picminy=\dimen179
\pgf@picmaxy=\dimen180
\pgf@pathminx=\dimen181
\pgf@pathmaxx=\dimen182
\pgf@pathminy=\dimen183
\pgf@pathmaxy=\dimen184
\pgf@xx=\dimen185
\pgf@xy=\dimen186
\pgf@yx=\dimen187
\pgf@yy=\dimen188
\pgf@zx=\dimen189
\pgf@zy=\dimen190
)
(/usr/share/texlive/texmf-dist/tex/generic/pgf/basiclayer/pgfcorepathconstruct.
code.tex
File: pgfcorepathconstruct.code.tex 2021/05/15 v3.1.9a (3.1.9a)
\pgf@path@lastx=\dimen191
\pgf@path@lasty=\dimen192
)
(/usr/share/texlive/texmf-dist/tex/generic/pgf/basiclayer/pgfcorepathusage.code
.tex
File: pgfcorepathusage.code.tex 2021/05/15 v3.1.9a (3.1.9a)
\pgf@shorten@end@additional=\dimen193
\pgf@shorten@start@additional=\dimen194
)
(/usr/share/texlive/texmf-dist/tex/generic/pgf/basiclayer/pgfcorescopes.code.te
x
File: pgfcorescopes.code.tex 2021/05/15 v3.1.9a (3.1.9a)
\pgfpic=\box61
\pgf@hbox=\box62
\pgf@layerbox@main=\box63
\pgf@picture@serial@count=\count289
)
(/usr/share/texlive/texmf-dist/tex/generic/pgf/basiclayer/pgfcoregraphicstate.c
ode.tex
File: pgfcoregraphicstate.code.tex 2021/05/15 v3.1.9a (3.1.9a)
\pgflinewidth=\dimen195
)
(/usr/share/texlive/texmf-dist/tex/generic/pgf/basiclayer/pgfcoretransformation
s.code.tex
File: pgfcoretransformations.code.tex 2021/05/15 v3.1.9a (3.1.9a)
\pgf@pt@x=\dimen196
\pgf@pt@y=\dimen197
\pgf@pt@temp=\dimen198
)
(/usr/share/texlive/texmf-dist/tex/generic/pgf/basiclayer/pgfcorequick.code.tex
File: pgfcorequick.code.tex 2021/05/15 v3.1.9a (3.1.9a)
)
(/usr/share/texlive/texmf-dist/tex/generic/pgf/basiclayer/pgfcoreobjects.code.t
ex
File: pgfcoreobjects.code.tex 2021/05/15 v3.1.9a (3.1.9a)
)
(/usr/share/texlive/texmf-dist/tex/generic/pgf/basiclayer/pgfcorepathprocessing
.code.tex
File: pgfcorepathprocessing.code.tex 2021/05/15 v3.1.9a (3.1.9a)
)
(/usr/share/texlive/texmf-dist/tex/generic/pgf/basiclayer/pgfcorearrows.code.te
x
File: pgfcorearrows.code.tex 2021/05/15 v3.1.9a (3.1.9a)
\pgfarrowsep=\dimen199
)
(/usr/share/texlive/texmf-dist/tex/generic/pgf/basiclayer/pgfcoreshade.code.tex
File: pgfcoreshade.code.tex 2021/05/15 v3.1.9a (3.1.9a)
\pgf@max=\dimen256
\pgf@sys@shading@range@num=\count290
\pgf@shadingcount=\count291
)
(/usr/share/texlive/texmf-dist/tex/generic/pgf/basiclayer/pgfcoreimage.code.tex
File: pgfcoreimage.code.tex 2021/05/15 v3.1.9a (3.1.9a)

(/usr/share/texlive/texmf-dist/tex/generic/pgf/basiclayer/pgfcoreexternal.code.
tex
File: pgfcoreexternal.code.tex 2021/05/15 v3.1.9a (3.1.9a)
\pgfexternal@startupbox=\box64
))
(/usr/share/texlive/texmf-dist/tex/generic/pgf/basiclayer/pgfcorelayers.code.te
x
File: pgfcorelayers.code.tex 2021/05/15 v3.1.9a (3.1.9a)
)
(/usr/share/texlive/texmf-dist/tex/generic/pgf/basiclayer/pgfcoretransparency.c
ode.tex
File: pgfcoretransparency.code.tex 2021/05/15 v3.1.9a (3.1.9a)
)
(/usr/share/texlive/texmf-dist/tex/generic/pgf/basiclayer/pgfcorepatterns.code.
tex
File: pgfcorepatterns.code.tex 2021/05/15 v3.1.9a (3.1.9a)
)
(/usr/share/texlive/texmf-dist/tex/generic/pgf/basiclayer/pgfcorerdf.code.tex
File: pgfcorerdf.code.tex 2021/05/15 v3.1.9a (3.1.9a)
))) (/usr/share/texlive/texmf-dist/tex/latex/base/size11.clo
File: size11.clo 2021/10/04 v1.4n Standard LaTeX file (size option)
)
(/usr/share/texlive/texmf-dist/tex/latex/pgf/utilities/xxcolor.sty
Package: xxcolor 2003/10/24 ver 0.1
\XC@nummixins=\count292
\XC@countmixins=\count293
)
(/usr/share/texlive/texmf-dist/tex/latex/base/atbegshi-ltx.sty
Package: atbegshi-ltx 2021/01/10 v1.0c Emulation of the original atbegshi
package with kernel methods
)
(/usr/share/texlive/texmf-dist/tex/latex/hyperref/hyperref.sty
Package: hyperref 2021-06-07 v7.00m Hypertext links for LaTeX

(/usr/share/texlive/texmf-dist/tex/generic/ltxcmds/ltxcmds.sty
Package: ltxcmds 2020-05-10 v1.25 LaTeX kernel commands for general use (HO)
)
(/usr/share/texlive/texmf-dist/tex/generic/pdftexcmds/pdftexcmds.sty
Package: pdftexcmds 2020-06-27 v0.33 Utility functions of pdfTeX for LuaTeX (HO
)

(/usr/share/texlive/texmf-dist/tex/generic/infwarerr/infwarerr.sty
Package: infwarerr 2019/12/03 v1.5 Providing info/warning/error messages (HO)
)
Package pdftexcmds Info: \pdf@primitive is available.
Package pdftexcmds Info: \pdf@ifprimitive is available.
Package pdftexcmds Info: \pdfdraftmode found.
)
(/usr/share/texlive/texmf-dist/tex/generic/kvsetkeys/kvsetkeys.sty
Package: kvsetkeys 2019/12/15 v1.18 Key value parser (HO)
)
(/usr/share/texlive/texmf-dist/tex/generic/kvdefinekeys/kvdefinekeys.sty
Package: kvdefinekeys 2019-12-19 v1.6 Define keys (HO)
)
(/usr/share/texlive/texmf-dist/tex/generic/pdfescape/pdfescape.sty
Package: pdfescape 2019/12/09 v1.15 Implements pdfTeX's escape features (HO)
)
(/usr/share/texlive/texmf-dist/tex/latex/hycolor/hycolor.sty
Package: hycolor 2020-01-27 v1.10 Color options for hyperref/bookmark (HO)
)
(/usr/share/texlive/texmf-dist/tex/latex/letltxmacro/letltxmacro.sty
Package: letltxmacro 2019/12/03 v1.6 Let assignment for LaTeX macros (HO)
)
(/usr/share/texlive/texmf-dist/tex/latex/auxhook/auxhook.sty
Package: auxhook 2019-12-17 v1.6 Hooks for auxiliary files (HO)
)
(/usr/share/texlive/texmf-dist/tex/latex/kvoptions/kvoptions.sty
Package: kvoptions 2020-10-07 v3.14 Key value format for package options (HO)
)
\@linkdim=\dimen257
\Hy@linkcounter=\count294
\Hy@pagecounter=\count295

(/usr/share/texlive/texmf-dist/tex/latex/hyperref/pd1enc.def
File: pd1enc.def 2021-06-07 v7.00m Hyperref: PDFDocEncoding definition (HO)
Now handling font encoding PD1 ...
... no UTF-8 mapping file for font encoding PD1
)
(/usr/share/texlive/texmf-dist/tex/latex/hyperref/hyperref-langpatches.def
File: hyperref-langpatches.def 2021-06-07 v7.00m Hyperref: patches for babel la
nguages
)
(/usr/share/texlive/texmf-dist/tex/generic/intcalc/intcalc.sty
Package: intcalc 2019/12/15 v1.3 Expandable calculations with integers (HO)
)
(/usr/share/texlive/texmf-dist/tex/generic/etexcmds/etexcmds.sty
Package: etexcmds 2019/12/15 v1.7 Avoid name clashes with e-TeX commands (HO)
)
\Hy@SavedSpaceFactor=\count296

(/usr/share/texlive/texmf-dist/tex/latex/hyperref/puenc.def
File: puenc.def 2021-06-07 v7.00m Hyperref: PDF Unicode definition (HO)
Now handling font encoding PU ...
... no UTF-8 mapping file for font encoding PU
)
Package hyperref Info: Option `bookmarks' set `true' on input line 4073.
Package hyperref Info: Option `bookmarksopen' set `true' on input line 4073.
Package hyperref Info: Option `implicit' set `false' on input line 4073.
Package hyperref Info: Hyper figures OFF on input line 4192.
Package hyperref Info: Link nesting OFF on input line 4197.
Package hyperref Info: Hyper index ON on input line 4200.
Package hyperref Info: Plain pages OFF on input line 4207.
Package hyperref Info: Backreferencing OFF on input line 4212.
Package hyperref Info: Implicit mode OFF; no redefinition of LaTeX internals.
Package hyperref Info: Bookmarks ON on input line 4445.
\c@Hy@tempcnt=\count297

(/usr/share/texlive/texmf-dist/tex/latex/url/url.sty
\Urlmuskip=\muskip16
Package: url 2013/09/16  ver 3.4  Verb mode for urls, etc.
)
LaTeX Info: Redefining \url on input line 4804.
\XeTeXLinkMargin=\dimen258

(/usr/share/texlive/texmf-dist/tex/generic/bitset/bitset.sty
Package: bitset 2019/12/09 v1.3 Handle bit-vector datatype (HO)

(/usr/share/texlive/texmf-dist/tex/generic/bigintcalc/bigintcalc.sty
Package: bigintcalc 2019/12/15 v1.5 Expandable calculations on big integers (HO
)
))
\Fld@menulength=\count298
\Field@Width=\dimen259
\Fld@charsize=\dimen260
Package hyperref Info: Hyper figures OFF on input line 6076.
Package hyperref Info: Link nesting OFF on input line 6081.
Package hyperref Info: Hyper index ON on input line 6084.
Package hyperref Info: backreferencing OFF on input line 6091.
Package hyperref Info: Link coloring OFF on input line 6096.
Package hyperref Info: Link coloring with OCG OFF on input line 6101.
Package hyperref Info: PDF/A mode OFF on input line 6106.
LaTeX Info: Redefining \ref on input line 6146.
LaTeX Info: Redefining \pageref on input line 6150.
\Hy@abspage=\count299


Package hyperref Message: Stopped early.

)
Package hyperref Info: Driver (autodetected): hpdftex.
 (/usr/share/texlive/texmf-dist/tex/latex/hyperref/hpdftex.def
File: hpdftex.def 2021-06-07 v7.00m Hyperref driver for pdfTeX

(/usr/share/texlive/texmf-dist/tex/latex/base/atveryend-ltx.sty
Package: atveryend-ltx 2020/08/19 v1.0a Emulation of the original atveryend pac
kage
with kernel methods
)
\Fld@listcount=\count300
\c@bookmark@seq@number=\count301

(/usr/share/texlive/texmf-dist/tex/latex/rerunfilecheck/rerunfilecheck.sty
Package: rerunfilecheck 2019/12/05 v1.9 Rerun checks for auxiliary files (HO)

(/usr/share/texlive/texmf-dist/tex/generic/uniquecounter/uniquecounter.sty
Package: uniquecounter 2019/12/15 v1.4 Provide unlimited unique counter (HO)
)
Package uniquecounter Info: New unique counter `rerunfilecheck' on input line 2
86.
))
(/usr/share/texlive/texmf-dist/tex/latex/beamer/beamerbaserequires.sty
(/usr/share/texlive/texmf-dist/tex/latex/beamer/beamerbasecompatibility.sty)
(/usr/share/texlive/texmf-dist/tex/latex/beamer/beamerbasefont.sty
(/usr/share/texlive/texmf-dist/tex/latex/amsfonts/amssymb.sty
Package: amssymb 2013/01/14 v3.01 AMS font symbols

(/usr/share/texlive/texmf-dist/tex/latex/amsfonts/amsfonts.sty
Package: amsfonts 2013/01/14 v3.01 Basic AMSFonts support
\@emptytoks=\toks28
\symAMSa=\mathgroup4
\symAMSb=\mathgroup5
LaTeX Font Info:    Redeclaring math symbol \hbar on input line 98.
LaTeX Font Info:    Overwriting math alphabet `\mathfrak' in version `bold'
(Font)                  U/euf/m/n --> U/euf/b/n on input line 106.
)))
(/usr/share/texlive/texmf-dist/tex/latex/beamer/beamerbasetranslator.sty
(/usr/share/texlive/texmf-dist/tex/latex/translator/translator.sty
Package: translator 2021-05-31 v1.12d Easy translation of strings in LaTeX
))
(/usr/share/texlive/texmf-dist/tex/latex/beamer/beamerbasemisc.sty)
(/usr/share/texlive/texmf-dist/tex/latex/beamer/beamerbasetwoscreens.sty)
(/usr/share/texlive/texmf-dist/tex/latex/beamer/beamerbaseoverlay.sty
\beamer@argscount=\count302
\beamer@lastskipcover=\skip50
\beamer@trivlistdepth=\count303
)
(/usr/share/texlive/texmf-dist/tex/latex/beamer/beamerbasetitle.sty)
(/usr/share/texlive/texmf-dist/tex/latex/beamer/beamerbasesection.sty
\c@lecture=\count304
\c@part=\count305
\c@section=\count306
\c@subsection=\count307
\c@subsubsection=\count308
)
(/usr/share/texlive/texmf-dist/tex/latex/beamer/beamerbaseframe.sty
\beamer@framebox=\box65
\beamer@frametitlebox=\box66
\beamer@zoombox=\box67
\beamer@zoomcount=\count309
\beamer@zoomframecount=\count310
\beamer@frametextheight=\dimen261
\c@subsectionslide=\count311
\beamer@frametopskip=\skip51
\beamer@framebottomskip=\skip52
\beamer@frametopskipautobreak=\skip53
\beamer@framebottomskipautobreak=\skip54
\beamer@envbody=\toks29
\framewidth=\dimen262
\c@framenumber=\count312
)
(/usr/share/texlive/texmf-dist/tex/latex/beamer/beamerbaseverbatim.sty
\beamer@verbatimfileout=\write4
)
(/usr/share/texlive/texmf-dist/tex/latex/beamer/beamerbaseframesize.sty
\beamer@splitbox=\box68
\beamer@autobreakcount=\count313
\beamer@autobreaklastheight=\dimen263
\beamer@frametitletoks=\toks30
\beamer@framesubtitletoks=\toks31
)
(/usr/share/texlive/texmf-dist/tex/latex/beamer/beamerbaseframecomponents.sty
\beamer@footins=\box69
)
(/usr/share/texlive/texmf-dist/tex/latex/beamer/beamerbasecolor.sty)
(/usr/share/texlive/texmf-dist/tex/latex/beamer/beamerbasenotes.sty
\beamer@frameboxcopy=\box70
)
(/usr/share/texlive/texmf-dist/tex/latex/beamer/beamerbasetoc.sty)
(/usr/share/texlive/texmf-dist/tex/latex/beamer/beamerbasetemplates.sty
\beamer@sbttoks=\toks32

(/usr/share/texlive/texmf-dist/tex/latex/beamer/beamerbaseauxtemplates.sty
(/usr/share/texlive/texmf-dist/tex/latex/beamer/beamerbaseboxes.sty
\bmb@box=\box71
\bmb@colorbox=\box72
\bmb@boxwidth=\dimen264
\bmb@boxheight=\dimen265
\bmb@prevheight=\dimen266
\bmb@temp=\dimen267
\bmb@dima=\dimen268
\bmb@dimb=\dimen269
\bmb@prevheight=\dimen270
)
\beamer@blockheadheight=\dimen271
))
(/usr/share/texlive/texmf-dist/tex/latex/beamer/beamerbaselocalstructure.sty
(/usr/share/texlive/texmf-dist/tex/latex/tools/enumerate.sty
Package: enumerate 2015/07/23 v3.00 enumerate extensions (DPC)
\@enLab=\toks33
)
\beamer@bibiconwidth=\skip55
\c@figure=\count314
\c@table=\count315
\abovecaptionskip=\skip56
\belowcaptionskip=\skip57
)
(/usr/share/texlive/texmf-dist/tex/latex/beamer/beamerbasenavigation.sty
\beamer@section@min@dim=\dimen272
)
(/usr/share/texlive/texmf-dist/tex/latex/beamer/beamerbasetheorems.sty
(/usr/share/texlive/texmf-dist/tex/latex/amsmath/amsmath.sty
Package: amsmath 2021/10/15 v2.17l AMS math features
\@mathmargin=\skip58

For additional information on amsmath, use the `?' option.
(/usr/share/texlive/texmf-dist/tex/latex/amsmath/amstext.sty
Package: amstext 2021/08/26 v2.01 AMS text

(/usr/share/texlive/texmf-dist/tex/latex/amsmath/amsgen.sty
File: amsgen.sty 1999/11/30 v2.0 generic functions
\@emptytoks=\toks34
\ex@=\dimen273
))
(/usr/share/texlive/texmf-dist/tex/latex/amsmath/amsbsy.sty
Package: amsbsy 1999/11/29 v1.2d Bold Symbols
\pmbraise@=\dimen274
)
(/usr/share/texlive/texmf-dist/tex/latex/amsmath/amsopn.sty
Package: amsopn 2021/08/26 v2.02 operator names
)
\inf@bad=\count316
LaTeX Info: Redefining \frac on input line 234.
\uproot@=\count317
\leftroot@=\count318
LaTeX Info: Redefining \overline on input line 399.
\classnum@=\count319
\DOTSCASE@=\count320
LaTeX Info: Redefining \ldots on input line 496.
LaTeX Info: Redefining \dots on input line 499.
LaTeX Info: Redefining \cdots on input line 620.
\Mathstrutbox@=\box73
\strutbox@=\box74
\big@size=\dimen275
LaTeX Font Info:    Redeclaring font encoding OML on input line 743.
LaTeX Font Info:    Redeclaring font encoding OMS on input line 744.
\macc@depth=\count321
\c@MaxMatrixCols=\count322
\dotsspace@=\muskip17
\c@parentequation=\count323
\dspbrk@lvl=\count324
\tag@help=\toks35
\row@=\count325
\column@=\count326
\maxfields@=\count327
\andhelp@=\toks36
\eqnshift@=\dimen276
\alignsep@=\dimen277
\tagshift@=\dimen278
\tagwidth@=\dimen279
\totwidth@=\dimen280
\lineht@=\dimen281
\@envbody=\toks37
\multlinegap=\skip59
\multlinetaggap=\skip60
\mathdisplay@stack=\toks38
LaTeX Info: Redefining \[ on input line 2938.
LaTeX Info: Redefining \] on input line 2939.
)
(/usr/share/texlive/texmf-dist/tex/latex/amscls/amsthm.sty
Package: amsthm 2020/05/29 v2.20.6
\thm@style=\toks39
\thm@bodyfont=\toks40
\thm@headfont=\toks41
\thm@notefont=\toks42
\thm@headpunct=\toks43
\thm@preskip=\skip61
\thm@postskip=\skip62
\thm@headsep=\skip63
\dth@everypar=\toks44
)
\c@theorem=\count328
)
(/usr/share/texlive/texmf-dist/tex/latex/beamer/beamerbasethemes.sty))
(/usr/share/texlive/texmf-dist/tex/latex/beamer/beamerthemedefault.sty
(/usr/share/texlive/texmf-dist/tex/latex/beamer/beamerfontthemedefault.sty)
(/usr/share/texlive/texmf-dist/tex/latex/beamer/beamercolorthemedefault.sty)
(/usr/share/texlive/texmf-dist/tex/latex/beamer/beamerinnerthemedefault.sty
\beamer@dima=\dimen282
\beamer@dimb=\dimen283
)
(/usr/share/texlive/texmf-dist/tex/latex/beamer/beamerouterthemedefault.sty)))
(/usr/share/texlive/texmf-dist/tex/generic/babel/babel.sty
Package: babel 2022/01/26 3.70 The Babel package
\babel@savecnt=\count329
\U@D=\dimen284
\l@unhyphenated=\language7

(/usr/share/texlive/texmf-dist/tex/generic/babel/txtbabel.def)
\bbl@readstream=\read3
LaTeX Info: Redefining \textlatin on input line 3967.
\bbl@dirlevel=\count330

(/usr/share/texlive/texmf-dist/tex/generic/babel-english/english.ldf
Language: english 2017/06/06 v3.3r English support from the babel system
Package babel Info: Hyphen rules for 'canadian' set to \l@english
(babel)             (\language0). Reported on input line 102.
Package babel Info: Hyphen rules for 'australian' set to \l@ukenglish
(babel)             (\language4). Reported on input line 105.
Package babel Info: Hyphen rules for 'newzealand' set to \l@ukenglish
(babel)             (\language4). Reported on input line 108.
))
(/usr/share/texlive/texmf-dist/tex/latex/base/inputenc.sty
Package: inputenc 2021/02/14 v1.3d Input encoding file
\inpenc@prehook=\toks45
\inpenc@posthook=\toks46
)
(/usr/share/texlive/texmf-dist/tex/latex/caption/subcaption.sty
Package: subcaption 2020/10/07 v1.3j Sub-captions (AR)

(/usr/share/texlive/texmf-dist/tex/latex/caption/caption.sty
Package: caption 2020/10/26 v3.5g Customizing captions (AR)

(/usr/share/texlive/texmf-dist/tex/latex/caption/caption3.sty
Package: caption3 2020/10/21 v2.2e caption3 kernel (AR)
\captionmargin=\dimen285
\captionmargin@=\dimen286
\captionwidth=\dimen287
\caption@tempdima=\dimen288
\caption@indent=\dimen289
\caption@parindent=\dimen290
\caption@hangindent=\dimen291
Package caption Info: beamer document class detected.

(/usr/share/texlive/texmf-dist/tex/latex/caption/caption-beamer.sto
File: caption-beamer.sto 2020/08/22 v2.0 Adaption of the caption package to the
 beamer document classes (AR)
))
\c@caption@flags=\count331
\c@continuedfloat=\count332
Package caption Info: hyperref package is loaded.
Package caption Info: Hyperref support is turned off
(caption)             because hyperref has stopped early.
)
\c@subfigure=\count333
\c@subtable=\count334
)
(/usr/share/texlive/texmf-dist/tex/latex/tools/multicol.sty
Package: multicol 2021/10/28 v1.9b multicolumn formatting (FMi)
\c@tracingmulticols=\count335
\mult@box=\box75
\multicol@leftmargin=\dimen292
\c@unbalance=\count336
\c@collectmore=\count337
\doublecol@number=\count338
\multicoltolerance=\count339
\multicolpretolerance=\count340
\full@width=\dimen293
\page@free=\dimen294
\premulticols=\dimen295
\postmulticols=\dimen296
\multicolsep=\skip64
\multicolbaselineskip=\skip65
\partial@page=\box76
\last@line=\box77
\maxbalancingoverflow=\dimen297
\mult@rightbox=\box78
\mult@grightbox=\box79
\mult@firstbox=\box80
\mult@gfirstbox=\box81
\@tempa=\box82
\@tempa=\box83
\@tempa=\box84
\@tempa=\box85
\@tempa=\box86
\@tempa=\box87
\@tempa=\box88
\@tempa=\box89
\@tempa=\box90
\@tempa=\box91
\@tempa=\box92
\@tempa=\box93
\@tempa=\box94
\@tempa=\box95
\@tempa=\box96
\@tempa=\box97
\@tempa=\box98
\@tempa=\box99
\@tempa=\box100
\@tempa=\box101
\@tempa=\box102
\@tempa=\box103
\@tempa=\box104
\@tempa=\box105
\@tempa=\box106
\@tempa=\box107
\@tempa=\box108
\@tempa=\box109
\@tempa=\box110
\@tempa=\box111
\@tempa=\box112
\@tempa=\box113
\@tempa=\box114
\@tempa=\box115
\@tempa=\box116
\@tempa=\box117
\c@minrows=\count341
\c@columnbadness=\count342
\c@finalcolumnbadness=\count343
\last@try=\dimen298
\multicolovershoot=\dimen299
\multicolundershoot=\dimen300
\mult@nat@firstbox=\box118
\colbreak@box=\box119
\mc@col@check@num=\count344
)
(/usr/share/texlive/texmf-dist/tex/latex/listings/listings.sty
\lst@mode=\count345
\lst@gtempboxa=\box120
\lst@token=\toks47
\lst@length=\count346
\lst@currlwidth=\dimen301
\lst@column=\count347
\lst@pos=\count348
\lst@lostspace=\dimen302
\lst@width=\dimen303
\lst@newlines=\count349
\lst@lineno=\count350
\lst@maxwidth=\dimen304

(/usr/share/texlive/texmf-dist/tex/latex/listings/lstmisc.sty
File: lstmisc.sty 2020/03/24 1.8d (Carsten Heinz)
\c@lstnumber=\count351
\lst@skipnumbers=\count352
\lst@framebox=\box121
)
(/usr/share/texlive/texmf-dist/tex/latex/listings/listings.cfg
File: listings.cfg 2020/03/24 1.8d listings configuration
))
Package: listings 2020/03/24 1.8d (Carsten Heinz)

(/usr/share/texlive/texmf-dist/tex/latex/beamer/beamerfontthemeprofessionalfont
s.sty) (/usr/share/texlive/texmf-dist/tex/latex/enumitem/enumitem.sty
Package: enumitem 2019/06/20 v3.9 Customized lists
\labelindent=\skip66
\enit@outerparindent=\dimen305
\enit@toks=\toks48
\enit@inbox=\box122
\enit@count@id=\count353
\enitdp@description=\count354
)
(/usr/share/texlive/texmf-dist/tex/latex/listings/lstlang1.sty
File: lstlang1.sty 2020/03/24 1.8d listings language file
)
(/usr/share/texlive/texmf-dist/tex/latex/listings/lstlang1.sty
File: lstlang1.sty 2020/03/24 1.8d listings language file
)
(/usr/share/texlive/texmf-dist/tex/latex/listings/lstmisc.sty
File: lstmisc.sty 2020/03/24 1.8d (Carsten Heinz)
)
(/usr/share/texlive/texmf-dist/tex/latex/beamer/beamerthemeDarmstadt.sty
(/usr/share/texlive/texmf-dist/tex/latex/beamer/beamerouterthemesmoothbars.sty)
(/usr/share/texlive/texmf-dist/tex/latex/beamer/beamerinnerthemerounded.sty)
(/usr/share/texlive/texmf-dist/tex/latex/beamer/beamercolorthemeorchid.sty)
(/usr/share/texlive/texmf-dist/tex/latex/beamer/beamercolorthemewhale.sty))
(/usr/share/texlive/texmf-dist/tex/latex/l3backend/l3backend-pdftex.def
File: l3backend-pdftex.def 2022-01-12 L3 backend support: PDF output (pdfTeX)
\l__color_backend_stack_int=\count355
\l__pdf_internal_box=\box123
)
(./cour.aux)
\openout1 = `cour.aux'.

LaTeX Font Info:    Checking defaults for OML/cmm/m/it on input line 90.
LaTeX Font Info:    ... okay on input line 90.
LaTeX Font Info:    Checking defaults for OMS/cmsy/m/n on input line 90.
LaTeX Font Info:    ... okay on input line 90.
LaTeX Font Info:    Checking defaults for OT1/cmr/m/n on input line 90.
LaTeX Font Info:    ... okay on input line 90.
LaTeX Font Info:    Checking defaults for T1/cmr/m/n on input line 90.
LaTeX Font Info:    ... okay on input line 90.
LaTeX Font Info:    Checking defaults for TS1/cmr/m/n on input line 90.
LaTeX Font Info:    ... okay on input line 90.
LaTeX Font Info:    Checking defaults for OMX/cmex/m/n on input line 90.
LaTeX Font Info:    ... okay on input line 90.
LaTeX Font Info:    Checking defaults for U/cmr/m/n on input line 90.
LaTeX Font Info:    ... okay on input line 90.
LaTeX Font Info:    Checking defaults for PD1/pdf/m/n on input line 90.
LaTeX Font Info:    ... okay on input line 90.
LaTeX Font Info:    Checking defaults for PU/pdf/m/n on input line 90.
LaTeX Font Info:    ... okay on input line 90.

*geometry* driver: auto-detecting
*geometry* detected driver: pdftex
*geometry* verbose mode - [ preamble ] result:
* driver: pdftex
* paper: custom
* layout: <same size as paper>
* layoutoffset:(h,v)=(0.0pt,0.0pt)
* modes: includehead includefoot 
* h-part:(L,W,R)=(28.45274pt, 307.28987pt, 28.45274pt)
* v-part:(T,H,B)=(0.0pt, 273.14662pt, 0.0pt)
* \paperwidth=364.19536pt
* \paperheight=273.14662pt
* \textwidth=307.28987pt
* \textheight=244.6939pt
* \oddsidemargin=-43.81725pt
* \evensidemargin=-43.81725pt
* \topmargin=-72.26999pt
* \headheight=14.22636pt
* \headsep=0.0pt
* \topskip=11.0pt
* \footskip=14.22636pt
* \marginparwidth=4.0pt
* \marginparsep=10.0pt
* \columnsep=10.0pt
* \skip\footins=10.0pt plus 4.0pt minus 2.0pt
* \hoffset=0.0pt
* \voffset=0.0pt
* \mag=1000
* \@twocolumnfalse
* \@twosidefalse
* \@mparswitchfalse
* \@reversemarginfalse
* (1in=72.27pt=25.4mm, 1cm=28.453pt)

(/usr/share/texlive/texmf-dist/tex/context/base/mkii/supp-pdf.mkii
[Loading MPS to PDF converter (version 2006.09.02).]
\scratchcounter=\count356
\scratchdimen=\dimen306
\scratchbox=\box124
\nofMPsegments=\count357
\nofMParguments=\count358
\everyMPshowfont=\toks49
\MPscratchCnt=\count359
\MPscratchDim=\dimen307
\MPnumerator=\count360
\makeMPintoPDFobject=\count361
\everyMPtoPDFconversion=\toks50
) (/usr/share/texlive/texmf-dist/tex/latex/epstopdf-pkg/epstopdf-base.sty
Package: epstopdf-base 2020-01-24 v2.11 Base part for package epstopdf
Package epstopdf-base Info: Redefining graphics rule for `.eps' on input line 4
85.

(/usr/share/texlive/texmf-dist/tex/latex/latexconfig/epstopdf-sys.cfg
File: epstopdf-sys.cfg 2010/07/13 v1.3 Configuration of (r)epstopdf for TeX Liv
e
))
Package hyperref Info: Link coloring OFF on input line 90.

(/usr/share/texlive/texmf-dist/tex/latex/hyperref/nameref.sty
Package: nameref 2021-04-02 v2.47 Cross-referencing by name of section

(/usr/share/texlive/texmf-dist/tex/latex/refcount/refcount.sty
Package: refcount 2019/12/15 v3.6 Data extraction from label references (HO)
)
(/usr/share/texlive/texmf-dist/tex/generic/gettitlestring/gettitlestring.sty
Package: gettitlestring 2019/12/15 v1.6 Cleanup title references (HO)
)
\c@section@level=\count362
)
LaTeX Info: Redefining \ref on input line 90.
LaTeX Info: Redefining \pageref on input line 90.
LaTeX Info: Redefining \nameref on input line 90.

(./cour.out) (./cour.out)
\@outlinefile=\write5
\openout5 = `cour.out'.


(/usr/share/texlive/texmf-dist/tex/latex/translator/translator-basic-dictionary
-English.dict
Dictionary: translator-basic-dictionary, Language: English 
)
(/usr/share/texlive/texmf-dist/tex/latex/translator/translator-bibliography-dic
tionary-English.dict
Dictionary: translator-bibliography-dictionary, Language: English 
)
(/usr/share/texlive/texmf-dist/tex/latex/translator/translator-environment-dict
ionary-English.dict
Dictionary: translator-environment-dictionary, Language: English 
)
(/usr/share/texlive/texmf-dist/tex/latex/translator/translator-months-dictionar
y-English.dict
Dictionary: translator-months-dictionary, Language: English 
)
(/usr/share/texlive/texmf-dist/tex/latex/translator/translator-numbers-dictiona
ry-English.dict
Dictionary: translator-numbers-dictionary, Language: English 
)
(/usr/share/texlive/texmf-dist/tex/latex/translator/translator-theorem-dictiona
ry-English.dict
Dictionary: translator-theorem-dictionary, Language: English 
)
Package caption Info: Begin \AtBeginDocument code.
Package caption Info: listings package is loaded.
Package caption Info: End \AtBeginDocument code.
\c@lstlisting=\count363
 (./cour.nav)
Overfull \hbox (30.8066pt too wide) in paragraph at lines 90--90
 [][]  
 []


Overfull \hbox (489.68297pt too wide) detected at line 90
  [] [][][][] [][][] [][][][] [][][][][][][][][][][] [][][][][] [][][][][] [][]
[][][][][][][][][][][][][] [][][][][] [][][][][][][][] [][][] [] [] [][]  
 []

LaTeX Font Info:    Trying to load font information for U+msa on input line 98.

(/usr/share/texlive/texmf-dist/tex/latex/amsfonts/umsa.fd
File: umsa.fd 2013/01/14 v3.01 AMS symbols A
)
LaTeX Font Info:    Trying to load font information for U+msb on input line 98.


(/usr/share/texlive/texmf-dist/tex/latex/amsfonts/umsb.fd
File: umsb.fd 2013/01/14 v3.01 AMS symbols B
)
<1.jpeg, id=155, 1003.75pt x 709.65125pt>
File: 1.jpeg Graphic file (type jpg)
<use 1.jpeg>
Package pdftex.def Info: 1.jpeg  used on input line 98.
(pdftex.def)             Requested size: 364.1985pt x 273.14618pt.
 [1

{/var/lib/texmf/fonts/map/pdftex/updmap/pdftex.map} <./1.jpeg>] (./cour.toc)
<2.jpeg, id=204, 704.6325pt x 497.86pt>
File: 2.jpeg Graphic file (type jpg)
<use 2.jpeg>
Package pdftex.def Info: 2.jpeg  used on input line 105.
(pdftex.def)             Requested size: 364.19615pt x 273.14774pt.

Overfull \hbox (489.68297pt too wide) has occurred while \output is active
  [] [][][][] [][][] [][][][] [][][][][][][][][][][] [][][][][] [][][][][] [][]
[][][][][][][][][][][][][] [][][][][] [][][][][][][][] [][][] [] [] [][]  
 []


Overfull \hbox (30.8066pt too wide) has occurred while \output is active
 [][]  
 []


Overfull \hbox (6.38062pt too wide) has occurred while \output is active
[] 
 []

[2

 <./2.jpeg>]
File: 2.jpeg Graphic file (type jpg)
<use 2.jpeg>
Package pdftex.def Info: 2.jpeg  used on input line 138.
(pdftex.def)             Requested size: 364.19615pt x 273.14774pt.

Overfull \hbox (489.68297pt too wide) has occurred while \output is active
  [] [][][][] [][][] [][][][] [][][][][][][][][][][] [][][][][] [][][][][] [][]
[][][][][][][][][][][][][] [][][][][] [][][][][][][][] [][][] [] [] [][]  
 []


Overfull \hbox (30.8066pt too wide) has occurred while \output is active
 [][]  
 []


Overfull \hbox (6.38062pt too wide) has occurred while \output is active
[] 
 []

[3

]
\openout4 = `cour.vrb'.

 (./cour.vrb)
File: 2.jpeg Graphic file (type jpg)
<use 2.jpeg>
Package pdftex.def Info: 2.jpeg  used on input line 145.
(pdftex.def)             Requested size: 364.19615pt x 273.14774pt.

Overfull \hbox (489.68297pt too wide) has occurred while \output is active
  [] [][][][] [][][] [][][][] [][][][][][][][][][][] [][][][][] [][][][][] [][]
[][][][][][][][][][][][][] [][][][][] [][][][][][][][] [][][] [] [] [][]  
 []


Overfull \hbox (30.8066pt too wide) has occurred while \output is active
 [][]  
 []


Overfull \hbox (6.38062pt too wide) has occurred while \output is active
[] 
 []

[4

]
\openout4 = `cour.vrb'.

 (./cour.vrb
LaTeX Font Info:    Trying to load font information for TS1+cmss on input line 
8.
 (/usr/share/texlive/texmf-dist/tex/latex/base/ts1cmss.fd
File: ts1cmss.fd 2019/12/16 v2.5j Standard LaTeX font definitions
))
File: 2.jpeg Graphic file (type jpg)
<use 2.jpeg>
Package pdftex.def Info: 2.jpeg  used on input line 157.
(pdftex.def)             Requested size: 364.19615pt x 273.14774pt.

Overfull \hbox (489.68297pt too wide) has occurred while \output is active
  [] [][][][] [][][] [][][][] [][][][][][][][][][][] [][][][][] [][][][][] [][]
[][][][][][][][][][][][][] [][][][][] [][][][][][][][] [][][] [] [] [][]  
 []


Overfull \hbox (30.8066pt too wide) has occurred while \output is active
 [][]  
 []


Overfull \hbox (6.38062pt too wide) has occurred while \output is active
[] 
 []

[5

]
File: 2.jpeg Graphic file (type jpg)
<use 2.jpeg>
Package pdftex.def Info: 2.jpeg  used on input line 158.
(pdftex.def)             Requested size: 364.19615pt x 273.14774pt.

Overfull \hbox (489.68297pt too wide) has occurred while \output is active
  [] [][][][] [][][] [][][][] [][][][][][][][][][][] [][][][][] [][][][][] [][]
[][][][][][][][][][][][][] [][][][][] [][][][][][][][] [][][] [] [] [][]  
 []


Overfull \hbox (30.8066pt too wide) has occurred while \output is active
 [][]  
 []


Overfull \hbox (6.38062pt too wide) has occurred while \output is active
[] 
 []

[6

]
File: 2.jpeg Graphic file (type jpg)
<use 2.jpeg>
Package pdftex.def Info: 2.jpeg  used on input line 167.
(pdftex.def)             Requested size: 364.19615pt x 273.14774pt.

Overfull \hbox (489.68297pt too wide) has occurred while \output is active
  [] [][][][] [][][] [][][][] [][][][][][][][][][][] [][][][][] [][][][][] [][]
[][][][][][][][][][][][][] [][][][][] [][][][][][][][] [][][] [] [] [][]  
 []


Overfull \hbox (30.8066pt too wide) has occurred while \output is active
 [][]  
 []


Overfull \hbox (6.38062pt too wide) has occurred while \output is active
[] 
 []

[7

]
File: 2.jpeg Graphic file (type jpg)
<use 2.jpeg>
Package pdftex.def Info: 2.jpeg  used on input line 170.
(pdftex.def)             Requested size: 364.19615pt x 273.14774pt.

Overfull \hbox (489.68297pt too wide) has occurred while \output is active
  [] [][][][] [][][] [][][][] [][][][][][][][][][][] [][][][][] [][][][][] [][]
[][][][][][][][][][][][][] [][][][][] [][][][][][][][] [][][] [] [] [][]  
 []


Overfull \hbox (30.8066pt too wide) has occurred while \output is active
 [][]  
 []


Overfull \hbox (6.38062pt too wide) has occurred while \output is active
[] 
 []

[8

]
\openout4 = `cour.vrb'.

 (./cour.vrb)
File: 2.jpeg Graphic file (type jpg)
<use 2.jpeg>
Package pdftex.def Info: 2.jpeg  used on input line 195.
(pdftex.def)             Requested size: 364.19615pt x 273.14774pt.

Overfull \hbox (489.68297pt too wide) has occurred while \output is active
  [] [][][][] [][][] [][][][] [][][][][][][][][][][] [][][][][] [][][][][] [][]
[][][][][][][][][][][][][] [][][][][] [][][][][][][][] [][][] [] [] [][]  
 []


Overfull \hbox (30.8066pt too wide) has occurred while \output is active
 [][]  
 []


Overfull \hbox (6.38062pt too wide) has occurred while \output is active
[] 
 []

[9

]
\openout4 = `cour.vrb'.

 (./cour.vrb
Overfull \hbox (1.50334pt too wide) in paragraph at lines 5--6
[][][][][][][][][][][][][][][][][][][][][][][][][][][][][][][][][][][][][][][][
] 
 []


Overfull \hbox (8.07341pt too wide) in paragraph at lines 6--7
[][][][][][][][][][][][][][][][][][][][][][][][][][][][][][][][][][][][][][][][
] 
 []

)
File: 2.jpeg Graphic file (type jpg)
<use 2.jpeg>
Package pdftex.def Info: 2.jpeg  used on input line 206.
(pdftex.def)             Requested size: 364.19615pt x 273.14774pt.

Overfull \hbox (489.68297pt too wide) has occurred while \output is active
  [] [][][][] [][][] [][][][] [][][][][][][][][][][] [][][][][] [][][][][] [][]
[][][][][][][][][][][][][] [][][][][] [][][][][][][][] [][][] [] [] [][]  
 []


Overfull \hbox (30.8066pt too wide) has occurred while \output is active
 [][]  
 []


Overfull \hbox (6.38062pt too wide) has occurred while \output is active
[] 
 []

[10

]
File: 2.jpeg Graphic file (type jpg)
<use 2.jpeg>
Package pdftex.def Info: 2.jpeg  used on input line 223.
(pdftex.def)             Requested size: 364.19615pt x 273.14774pt.

Overfull \hbox (489.68297pt too wide) has occurred while \output is active
  [] [][][][] [][][] [][][][] [][][][][][][][][][][] [][][][][] [][][][][] [][]
[][][][][][][][][][][][][] [][][][][] [][][][][][][][] [][][] [] [] [][]  
 []


Overfull \hbox (30.8066pt too wide) has occurred while \output is active
 [][]  
 []


Overfull \hbox (6.38062pt too wide) has occurred while \output is active
[] 
 []

[11

]
\openout4 = `cour.vrb'.

 (./cour.vrb
LaTeX Font Info:    Trying to load font information for OMS+cmss on input line 
6.
LaTeX Font Info:    No file OMScmss.fd. on input line 6.


LaTeX Font Warning: Font shape `OMS/cmss/m/n' undefined
(Font)              using `OMS/cmsy/m/n' instead
(Font)              for symbol `textbraceleft' on input line 6.

LaTeX Font Info:    Trying to load font information for OML+cmss on input line 
7.
LaTeX Font Info:    No file OMLcmss.fd. on input line 7.

LaTeX Font Warning: Font shape `OML/cmss/m/n' undefined
(Font)              using `OML/cmm/m/it' instead
(Font)              for symbol `textless' on input line 7.

)
File: 2.jpeg Graphic file (type jpg)
<use 2.jpeg>
Package pdftex.def Info: 2.jpeg  used on input line 234.
(pdftex.def)             Requested size: 364.19615pt x 273.14774pt.

Overfull \hbox (489.68297pt too wide) has occurred while \output is active
  [] [][][][] [][][] [][][][] [][][][][][][][][][][] [][][][][] [][][][][] [][]
[][][][][][][][][][][][][] [][][][][] [][][][][][][][] [][][] [] [] [][]  
 []


Overfull \hbox (30.8066pt too wide) has occurred while \output is active
 [][]  
 []


Overfull \hbox (6.38062pt too wide) has occurred while \output is active
[] 
 []

[12

]
\openout4 = `cour.vrb'.

 (./cour.vrb)
File: 2.jpeg Graphic file (type jpg)
<use 2.jpeg>
Package pdftex.def Info: 2.jpeg  used on input line 243.
(pdftex.def)             Requested size: 364.19615pt x 273.14774pt.

Overfull \hbox (489.68297pt too wide) has occurred while \output is active
  [] [][][][] [][][] [][][][] [][][][][][][][][][][] [][][][][] [][][][][] [][]
[][][][][][][][][][][][][] [][][][][] [][][][][][][][] [][][] [] [] [][]  
 []


Overfull \hbox (30.8066pt too wide) has occurred while \output is active
 [][]  
 []


Overfull \hbox (6.38062pt too wide) has occurred while \output is active
[] 
 []

[13

]
\openout4 = `cour.vrb'.

 (./cour.vrb)
File: 2.jpeg Graphic file (type jpg)
<use 2.jpeg>
Package pdftex.def Info: 2.jpeg  used on input line 251.
(pdftex.def)             Requested size: 364.19615pt x 273.14774pt.

Overfull \hbox (489.68297pt too wide) has occurred while \output is active
  [] [][][][] [][][] [][][][] [][][][][][][][][][][] [][][][][] [][][][][] [][]
[][][][][][][][][][][][][] [][][][][] [][][][][][][][] [][][] [] [] [][]  
 []


Overfull \hbox (30.8066pt too wide) has occurred while \output is active
 [][]  
 []


Overfull \hbox (6.38062pt too wide) has occurred while \output is active
[] 
 []

[14

]
\openout4 = `cour.vrb'.

 (./cour.vrb)
File: 2.jpeg Graphic file (type jpg)
<use 2.jpeg>
Package pdftex.def Info: 2.jpeg  used on input line 269.
(pdftex.def)             Requested size: 364.19615pt x 273.14774pt.

Overfull \hbox (489.68297pt too wide) has occurred while \output is active
  [] [][][][] [][][] [][][][] [][][][][][][][][][][] [][][][][] [][][][][] [][]
[][][][][][][][][][][][][] [][][][][] [][][][][][][][] [][][] [] [] [][]  
 []


Overfull \hbox (30.8066pt too wide) has occurred while \output is active
 [][]  
 []


Overfull \hbox (6.38062pt too wide) has occurred while \output is active
[] 
 []

[15

]
\openout4 = `cour.vrb'.

 (./cour.vrb)
File: 2.jpeg Graphic file (type jpg)
<use 2.jpeg>
Package pdftex.def Info: 2.jpeg  used on input line 289.
(pdftex.def)             Requested size: 364.19615pt x 273.14774pt.

Overfull \hbox (489.68297pt too wide) has occurred while \output is active
  [] [][][][] [][][] [][][][] [][][][][][][][][][][] [][][][][] [][][][][] [][]
[][][][][][][][][][][][][] [][][][][] [][][][][][][][] [][][] [] [] [][]  
 []


Overfull \hbox (30.8066pt too wide) has occurred while \output is active
 [][]  
 []


Overfull \hbox (6.38062pt too wide) has occurred while \output is active
[] 
 []

[16

]
\openout4 = `cour.vrb'.

 (./cour.vrb)
File: 2.jpeg Graphic file (type jpg)
<use 2.jpeg>
Package pdftex.def Info: 2.jpeg  used on input line 306.
(pdftex.def)             Requested size: 364.19615pt x 273.14774pt.

Overfull \hbox (489.68297pt too wide) has occurred while \output is active
  [] [][][][] [][][] [][][][] [][][][][][][][][][][] [][][][][] [][][][][] [][]
[][][][][][][][][][][][][] [][][][][] [][][][][][][][] [][][] [] [] [][]  
 []


Overfull \hbox (30.8066pt too wide) has occurred while \output is active
 [][]  
 []


Overfull \hbox (6.38062pt too wide) has occurred while \output is active
[] 
 []

[17

]
\openout4 = `cour.vrb'.

 (./cour.vrb)
File: 2.jpeg Graphic file (type jpg)
<use 2.jpeg>
Package pdftex.def Info: 2.jpeg  used on input line 325.
(pdftex.def)             Requested size: 364.19615pt x 273.14774pt.

Overfull \hbox (489.68297pt too wide) has occurred while \output is active
  [] [][][][] [][][] [][][][] [][][][][][][][][][][] [][][][][] [][][][][] [][]
[][][][][][][][][][][][][] [][][][][] [][][][][][][][] [][][] [] [] [][]  
 []


Overfull \hbox (30.8066pt too wide) has occurred while \output is active
 [][]  
 []


Overfull \hbox (6.38062pt too wide) has occurred while \output is active
[] 
 []

[18

]
\openout4 = `cour.vrb'.

 (./cour.vrb)
Overfull \vbox (56.98808pt too high) detected at line 350
 []

File: 2.jpeg Graphic file (type jpg)
<use 2.jpeg>
Package pdftex.def Info: 2.jpeg  used on input line 350.
(pdftex.def)             Requested size: 364.19615pt x 273.14774pt.

Overfull \hbox (489.68297pt too wide) has occurred while \output is active
  [] [][][][] [][][] [][][][] [][][][][][][][][][][] [][][][][] [][][][][] [][]
[][][][][][][][][][][][][] [][][][][] [][][][][][][][] [][][] [] [] [][]  
 []


Overfull \hbox (30.8066pt too wide) has occurred while \output is active
 [][]  
 []


Overfull \hbox (6.38062pt too wide) has occurred while \output is active
[] 
 []

[19

]
\openout4 = `cour.vrb'.

 (./cour.vrb
Overfull \hbox (8.88795pt too wide) in paragraph at lines 39--39
[]\OT1/cmtt/m/n/10.95 import {  StyleSheet, Text, View } from 'react-native';[]
 
 []

)
Overfull \vbox (275.19653pt too high) detected at line 392
 []

File: 2.jpeg Graphic file (type jpg)
<use 2.jpeg>
Package pdftex.def Info: 2.jpeg  used on input line 392.
(pdftex.def)             Requested size: 364.19615pt x 273.14774pt.

Overfull \hbox (489.68297pt too wide) has occurred while \output is active
  [] [][][][] [][][] [][][][] [][][][][][][][][][][] [][][][][] [][][][][] [][]
[][][][][][][][][][][][][] [][][][][] [][][][][][][][] [][][] [] [] [][]  
 []


Overfull \hbox (30.8066pt too wide) has occurred while \output is active
 [][]  
 []


Overfull \hbox (6.38062pt too wide) has occurred while \output is active
[] 
 []

[20

]
File: 2.jpeg Graphic file (type jpg)
<use 2.jpeg>
Package pdftex.def Info: 2.jpeg  used on input line 395.
(pdftex.def)             Requested size: 364.19615pt x 273.14774pt.

Overfull \hbox (489.68297pt too wide) has occurred while \output is active
  [] [][][][] [][][] [][][][] [][][][][][][][][][][] [][][][][] [][][][][] [][]
[][][][][][][][][][][][][] [][][][][] [][][][][][][][] [][][] [] [] [][]  
 []


Overfull \hbox (30.8066pt too wide) has occurred while \output is active
 [][]  
 []


Overfull \hbox (6.38062pt too wide) has occurred while \output is active
[] 
 []

[21

]
\openout4 = `cour.vrb'.

 (./cour.vrb)
File: 2.jpeg Graphic file (type jpg)
<use 2.jpeg>
Package pdftex.def Info: 2.jpeg  used on input line 404.
(pdftex.def)             Requested size: 364.19615pt x 273.14774pt.

Overfull \hbox (489.68297pt too wide) has occurred while \output is active
  [] [][][][] [][][] [][][][] [][][][][][][][][][][] [][][][][] [][][][][] [][]
[][][][][][][][][][][][][] [][][][][] [][][][][][][][] [][][] [] [] [][]  
 []


Overfull \hbox (30.8066pt too wide) has occurred while \output is active
 [][]  
 []


Overfull \hbox (6.38062pt too wide) has occurred while \output is active
[] 
 []

[22

]
\openout4 = `cour.vrb'.

 (./cour.vrb
Overfull \hbox (8.88795pt too wide) in paragraph at lines 30--30
[]\OT1/cmtt/m/n/10.95 import {  StyleSheet, Text, View } from 'react-native';[]
 
 []

)
Overfull \vbox (167.00482pt too high) detected at line 437
 []

File: 2.jpeg Graphic file (type jpg)
<use 2.jpeg>
Package pdftex.def Info: 2.jpeg  used on input line 437.
(pdftex.def)             Requested size: 364.19615pt x 273.14774pt.

Overfull \hbox (489.68297pt too wide) has occurred while \output is active
  [] [][][][] [][][] [][][][] [][][][][][][][][][][] [][][][][] [][][][][] [][]
[][][][][][][][][][][][][] [][][][][] [][][][][][][][] [][][] [] [] [][]  
 []


Overfull \hbox (30.8066pt too wide) has occurred while \output is active
 [][]  
 []


Overfull \hbox (6.38062pt too wide) has occurred while \output is active
[] 
 []

[23

]
\openout4 = `cour.vrb'.

 (./cour.vrb
Overfull \hbox (3.13927pt too wide) in paragraph at lines 29--29
[]    \OT1/cmtt/m/n/10.95 this.state = { count: 0 }; // D^^Seclaration du state
[] 
 []


Overfull \hbox (129.6104pt too wide) in paragraph at lines 29--29
[]    \OT1/cmtt/m/n/10.95 this.setState({ count: this.state.count + 1 }); // Mo
dification du state[] 
 []


Overfull \hbox (54.87746pt too wide) in paragraph at lines 29--29
[]        \OT1/cmtt/m/n/10.95 <button onClick={this.incrementer}>Incr^^Sementer
</button>[] 
 []

)
Overfull \vbox (140.109pt too high) detected at line 470
 []

File: 2.jpeg Graphic file (type jpg)
<use 2.jpeg>
Package pdftex.def Info: 2.jpeg  used on input line 470.
(pdftex.def)             Requested size: 364.19615pt x 273.14774pt.

Overfull \hbox (489.68297pt too wide) has occurred while \output is active
  [] [][][][] [][][] [][][][] [][][][][][][][][][][] [][][][][] [][][][][] [][]
[][][][][][][][][][][][][] [][][][][] [][][][][][][][] [][][] [] [] [][]  
 []


Overfull \hbox (30.8066pt too wide) has occurred while \output is active
 [][]  
 []


Overfull \hbox (6.38062pt too wide) has occurred while \output is active
[] 
 []

[24

]
File: 2.jpeg Graphic file (type jpg)
<use 2.jpeg>
Package pdftex.def Info: 2.jpeg  used on input line 476.
(pdftex.def)             Requested size: 364.19615pt x 273.14774pt.

Overfull \hbox (489.68297pt too wide) has occurred while \output is active
  [] [][][][] [][][] [][][][] [][][][][][][][][][][] [][][][][] [][][][][] [][]
[][][][][][][][][][][][][] [][][][][] [][][][][][][][] [][][] [] [] [][]  
 []


Overfull \hbox (30.8066pt too wide) has occurred while \output is active
 [][]  
 []


Overfull \hbox (6.38062pt too wide) has occurred while \output is active
[] 
 []

[25

]
\openout4 = `cour.vrb'.

 (./cour.vrb)
File: 2.jpeg Graphic file (type jpg)
<use 2.jpeg>
Package pdftex.def Info: 2.jpeg  used on input line 481.
(pdftex.def)             Requested size: 364.19615pt x 273.14774pt.

Overfull \hbox (489.68297pt too wide) has occurred while \output is active
  [] [][][][] [][][] [][][][] [][][][][][][][][][][] [][][][][] [][][][][] [][]
[][][][][][][][][][][][][] [][][][][] [][][][][][][][] [][][] [] [] [][]  
 []


Overfull \hbox (30.8066pt too wide) has occurred while \output is active
 [][]  
 []


Overfull \hbox (6.38062pt too wide) has occurred while \output is active
[] 
 []

[26

]
\openout4 = `cour.vrb'.

 (./cour.vrb)
File: 2.jpeg Graphic file (type jpg)
<use 2.jpeg>
Package pdftex.def Info: 2.jpeg  used on input line 488.
(pdftex.def)             Requested size: 364.19615pt x 273.14774pt.

Overfull \hbox (489.68297pt too wide) has occurred while \output is active
  [] [][][][] [][][] [][][][] [][][][][][][][][][][] [][][][][] [][][][][] [][]
[][][][][][][][][][][][][] [][][][][] [][][][][][][][] [][][] [] [] [][]  
 []


Overfull \hbox (30.8066pt too wide) has occurred while \output is active
 [][]  
 []


Overfull \hbox (6.38062pt too wide) has occurred while \output is active
[] 
 []

[27

]
\openout4 = `cour.vrb'.

 (./cour.vrb)
File: 2.jpeg Graphic file (type jpg)
<use 2.jpeg>
Package pdftex.def Info: 2.jpeg  used on input line 498.
(pdftex.def)             Requested size: 364.19615pt x 273.14774pt.

Overfull \hbox (489.68297pt too wide) has occurred while \output is active
  [] [][][][] [][][] [][][][] [][][][][][][][][][][] [][][][][] [][][][][] [][]
[][][][][][][][][][][][][] [][][][][] [][][][][][][][] [][][] [] [] [][]  
 []


Overfull \hbox (30.8066pt too wide) has occurred while \output is active
 [][]  
 []


Overfull \hbox (6.38062pt too wide) has occurred while \output is active
[] 
 []

[28

]
File: 2.jpeg Graphic file (type jpg)
<use 2.jpeg>
Package pdftex.def Info: 2.jpeg  used on input line 500.
(pdftex.def)             Requested size: 364.19615pt x 273.14774pt.

Overfull \hbox (489.68297pt too wide) has occurred while \output is active
  [] [][][][] [][][] [][][][] [][][][][][][][][][][] [][][][][] [][][][][] [][]
[][][][][][][][][][][][][] [][][][][] [][][][][][][][] [][][] [] [] [][]  
 []


Overfull \hbox (30.8066pt too wide) has occurred while \output is active
 [][]  
 []


Overfull \hbox (6.38062pt too wide) has occurred while \output is active
[] 
 []

[29

]
\openout4 = `cour.vrb'.

 (./cour.vrb)
File: 2.jpeg Graphic file (type jpg)
<use 2.jpeg>
Package pdftex.def Info: 2.jpeg  used on input line 506.
(pdftex.def)             Requested size: 364.19615pt x 273.14774pt.

Overfull \hbox (489.68297pt too wide) has occurred while \output is active
  [] [][][][] [][][] [][][][] [][][][][][][][][][][] [][][][][] [][][][][] [][]
[][][][][][][][][][][][][] [][][][][] [][][][][][][][] [][][] [] [] [][]  
 []


Overfull \hbox (30.8066pt too wide) has occurred while \output is active
 [][]  
 []


Overfull \hbox (6.38062pt too wide) has occurred while \output is active
[] 
 []

[30

]
\openout4 = `cour.vrb'.

 (./cour.vrb)
File: 2.jpeg Graphic file (type jpg)
<use 2.jpeg>
Package pdftex.def Info: 2.jpeg  used on input line 513.
(pdftex.def)             Requested size: 364.19615pt x 273.14774pt.

Overfull \hbox (489.68297pt too wide) has occurred while \output is active
  [] [][][][] [][][] [][][][] [][][][][][][][][][][] [][][][][] [][][][][] [][]
[][][][][][][][][][][][][] [][][][][] [][][][][][][][] [][][] [] [] [][]  
 []


Overfull \hbox (30.8066pt too wide) has occurred while \output is active
 [][]  
 []


Overfull \hbox (6.38062pt too wide) has occurred while \output is active
[] 
 []

[31

]
\openout4 = `cour.vrb'.

 (./cour.vrb)
File: 2.jpeg Graphic file (type jpg)
<use 2.jpeg>
Package pdftex.def Info: 2.jpeg  used on input line 531.
(pdftex.def)             Requested size: 364.19615pt x 273.14774pt.

Overfull \hbox (489.68297pt too wide) has occurred while \output is active
  [] [][][][] [][][] [][][][] [][][][][][][][][][][] [][][][][] [][][][][] [][]
[][][][][][][][][][][][][] [][][][][] [][][][][][][][] [][][] [] [] [][]  
 []


Overfull \hbox (30.8066pt too wide) has occurred while \output is active
 [][]  
 []


Overfull \hbox (6.38062pt too wide) has occurred while \output is active
[] 
 []

[32

]
\openout4 = `cour.vrb'.

 (./cour.vrb)
File: 2.jpeg Graphic file (type jpg)
<use 2.jpeg>
Package pdftex.def Info: 2.jpeg  used on input line 546.
(pdftex.def)             Requested size: 364.19615pt x 273.14774pt.

Overfull \hbox (489.68297pt too wide) has occurred while \output is active
  [] [][][][] [][][] [][][][] [][][][][][][][][][][] [][][][][] [][][][][] [][]
[][][][][][][][][][][][][] [][][][][] [][][][][][][][] [][][] [] [] [][]  
 []


Overfull \hbox (30.8066pt too wide) has occurred while \output is active
 [][]  
 []


Overfull \hbox (6.38062pt too wide) has occurred while \output is active
[] 
 []

[33

]
\openout4 = `cour.vrb'.

 (./cour.vrb)
File: 2.jpeg Graphic file (type jpg)
<use 2.jpeg>
Package pdftex.def Info: 2.jpeg  used on input line 551.
(pdftex.def)             Requested size: 364.19615pt x 273.14774pt.

Overfull \hbox (489.68297pt too wide) has occurred while \output is active
  [] [][][][] [][][] [][][][] [][][][][][][][][][][] [][][][][] [][][][][] [][]
[][][][][][][][][][][][][] [][][][][] [][][][][][][][] [][][] [] [] [][]  
 []


Overfull \hbox (30.8066pt too wide) has occurred while \output is active
 [][]  
 []


Overfull \hbox (6.38062pt too wide) has occurred while \output is active
[] 
 []

[34

]
\openout4 = `cour.vrb'.

 (./cour.vrb
Overfull \hbox (20.38533pt too wide) in paragraph at lines 19--19
[]\OT1/cmtt/m/n/10.95 import {Formik, Field, Form, ErrorMessage} from 'formik';
[] 
 []


Overfull \hbox (89.36958pt too wide) in paragraph at lines 19--19
[]        \OT1/cmtt/m/n/10.95 .min(4, "Mot de passe doit ^etre plus grand que 8
 caract^^Reres")[] 
 []


Overfull \hbox (106.61565pt too wide) in paragraph at lines 19--19
[]        \OT1/cmtt/m/n/10.95 .max(50, "Mot de passe doit ^etre plus petit que 
50 caract^^Reres"),[] 
 []

)
Overfull \vbox (7.30057pt too high) detected at line 574
 []

File: 2.jpeg Graphic file (type jpg)
<use 2.jpeg>
Package pdftex.def Info: 2.jpeg  used on input line 574.
(pdftex.def)             Requested size: 364.19615pt x 273.14774pt.

Overfull \hbox (489.68297pt too wide) has occurred while \output is active
  [] [][][][] [][][] [][][][] [][][][][][][][][][][] [][][][][] [][][][][] [][]
[][][][][][][][][][][][][] [][][][][] [][][][][][][][] [][][] [] [] [][]  
 []


Overfull \hbox (30.8066pt too wide) has occurred while \output is active
 [][]  
 []


Overfull \hbox (6.38062pt too wide) has occurred while \output is active
[] 
 []

[35

]
\openout4 = `cour.vrb'.

 (./cour.vrb
Overfull \hbox (43.38008pt too wide) in paragraph at lines 20--20
[]    \OT1/cmtt/m/n/10.95 const { user , setUser } = React.useContext(AuthConte
xt);[] 
 []

)
File: 2.jpeg Graphic file (type jpg)
<use 2.jpeg>
Package pdftex.def Info: 2.jpeg  used on input line 598.
(pdftex.def)             Requested size: 364.19615pt x 273.14774pt.

Overfull \hbox (489.68297pt too wide) has occurred while \output is active
  [] [][][][] [][][] [][][][] [][][][][][][][][][][] [][][][][] [][][][][] [][]
[][][][][][][][][][][][][] [][][][][] [][][][][][][][] [][][] [] [] [][]  
 []


Overfull \hbox (30.8066pt too wide) has occurred while \output is active
 [][]  
 []


Overfull \hbox (6.38062pt too wide) has occurred while \output is active
[] 
 []

[36

]
\openout4 = `cour.vrb'.

 (./cour.vrb
Overfull \hbox (112.36433pt too wide) in paragraph at lines 21--21
[]        \OT1/cmtt/m/n/10.95 const response = await fetch('http://localhost:80
80/api/login', {[] 
 []


Overfull \hbox (244.58415pt too wide) in paragraph at lines 21--21
[]          \OT1/cmtt/m/n/10.95 //  throw new Error('Une erreur est survenue lo
rs de l\'enregistrement des donn^^Sees.');[] 
 []

)
Overfull \vbox (13.28333pt too high) detected at line 623
 []

File: 2.jpeg Graphic file (type jpg)
<use 2.jpeg>
Package pdftex.def Info: 2.jpeg  used on input line 623.
(pdftex.def)             Requested size: 364.19615pt x 273.14774pt.

Overfull \hbox (489.68297pt too wide) has occurred while \output is active
  [] [][][][] [][][] [][][][] [][][][][][][][][][][] [][][][][] [][][][][] [][]
[][][][][][][][][][][][][] [][][][][] [][][][][][][][] [][][] [] [] [][]  
 []


Overfull \hbox (30.8066pt too wide) has occurred while \output is active
 [][]  
 []


Overfull \hbox (6.38062pt too wide) has occurred while \output is active
[] 
 []

[37

]
\openout4 = `cour.vrb'.

 (./cour.vrb
Overfull \hbox (129.6104pt too wide) in paragraph at lines 20--20
[]        \OT1/cmtt/m/n/10.95 // Optionally handle errors appropriately, e.g., 
show a notification[] 
 []

)
File: 2.jpeg Graphic file (type jpg)
<use 2.jpeg>
Package pdftex.def Info: 2.jpeg  used on input line 647.
(pdftex.def)             Requested size: 364.19615pt x 273.14774pt.

Overfull \hbox (489.68297pt too wide) has occurred while \output is active
  [] [][][][] [][][] [][][][] [][][][][][][][][][][] [][][][][] [][][][][] [][]
[][][][][][][][][][][][][] [][][][][] [][][][][][][][] [][][] [] [] [][]  
 []


Overfull \hbox (30.8066pt too wide) has occurred while \output is active
 [][]  
 []


Overfull \hbox (6.38062pt too wide) has occurred while \output is active
[] 
 []

[38

]
\openout4 = `cour.vrb'.

 (./cour.vrb
Overfull \hbox (31.8827pt too wide) in paragraph at lines 20--20
[]                \OT1/cmtt/m/n/10.95 <div className="col-md-6 offset-md-3 pt-3
">[] 
 []


Overfull \hbox (31.8827pt too wide) in paragraph at lines 20--20
[]                        \OT1/cmtt/m/n/10.95 validationSchema={validationSchem
a}[] 
 []


Overfull \hbox (66.37483pt too wide) in paragraph at lines 20--20
[]                                \OT1/cmtt/m/n/10.95 <div className="form-grou
p mb-3">[] 
 []


Overfull \hbox (31.8827pt too wide) in paragraph at lines 20--20
[]                                    \OT1/cmtt/m/n/10.95 <label htmlFor="email
">[] 
 []

)
Overfull \vbox (7.28748pt too high) detected at line 671
 []

File: 2.jpeg Graphic file (type jpg)
<use 2.jpeg>
Package pdftex.def Info: 2.jpeg  used on input line 671.
(pdftex.def)             Requested size: 364.19615pt x 273.14774pt.

Overfull \hbox (489.68297pt too wide) has occurred while \output is active
  [] [][][][] [][][] [][][][] [][][][][][][][][][][] [][][][][] [][][][][] [][]
[][][][][][][][][][][][][] [][][][][] [][][][][][][][] [][][] [] [] [][]  
 []


Overfull \hbox (30.8066pt too wide) has occurred while \output is active
 [][]  
 []


Overfull \hbox (6.38062pt too wide) has occurred while \output is active
[] 
 []

[39

]
\openout4 = `cour.vrb'.

 (./cour.vrb
Overfull \hbox (60.62614pt too wide) in paragraph at lines 21--21
[]                                        \OT1/cmtt/m/n/10.95 className="form-c
ontrol"[] 
 []


Overfull \hbox (20.38533pt too wide) in paragraph at lines 21--21
[]                                        \OT1/cmtt/m/n/10.95 component="small"
[] 
 []


Overfull \hbox (54.87746pt too wide) in paragraph at lines 21--21
[]                                        \OT1/cmtt/m/n/10.95 className="text-d
anger"[] 
 []


Overfull \hbox (66.37483pt too wide) in paragraph at lines 21--21
[]                                \OT1/cmtt/m/n/10.95 <div className="form-grou
p mb-3">[] 
 []


Overfull \hbox (49.12877pt too wide) in paragraph at lines 21--21
[]                                    \OT1/cmtt/m/n/10.95 <label htmlFor="passw
ord">[] 
 []

)
Overfull \vbox (19.97499pt too high) detected at line 696
 []

File: 2.jpeg Graphic file (type jpg)
<use 2.jpeg>
Package pdftex.def Info: 2.jpeg  used on input line 696.
(pdftex.def)             Requested size: 364.19615pt x 273.14774pt.

Overfull \hbox (489.68297pt too wide) has occurred while \output is active
  [] [][][][] [][][] [][][][] [][][][][][][][][][][] [][][][][] [][][][][] [][]
[][][][][][][][][][][][][] [][][][][] [][][][][][][][] [][][] [] [] [][]  
 []


Overfull \hbox (30.8066pt too wide) has occurred while \output is active
 [][]  
 []


Overfull \hbox (6.38062pt too wide) has occurred while \output is active
[] 
 []

[40

]
\openout4 = `cour.vrb'.

 (./cour.vrb
Overfull \hbox (8.88795pt too wide) in paragraph at lines 21--21
[]                                        \OT1/cmtt/m/n/10.95 type="password"[]
 
 []


Overfull \hbox (8.88795pt too wide) in paragraph at lines 21--21
[]                                        \OT1/cmtt/m/n/10.95 name="password"[]
 
 []


Overfull \hbox (60.62614pt too wide) in paragraph at lines 21--21
[]                                        \OT1/cmtt/m/n/10.95 className="form-c
ontrol"[] 
 []


Overfull \hbox (8.88795pt too wide) in paragraph at lines 21--21
[]                                        \OT1/cmtt/m/n/10.95 name="password"[]
 
 []


Overfull \hbox (20.38533pt too wide) in paragraph at lines 21--21
[]                                        \OT1/cmtt/m/n/10.95 component="small"
[] 
 []


Overfull \hbox (54.87746pt too wide) in paragraph at lines 21--21
[]                                        \OT1/cmtt/m/n/10.95 className="text-d
anger"[] 
 []


Overfull \hbox (227.33809pt too wide) in paragraph at lines 21--21
[]                                \OT1/cmtt/m/n/10.95 <div className="form-grou
p d-flex justify-content-end gap-3">[] 
 []

)
Overfull \vbox (19.97499pt too high) detected at line 721
 []

File: 2.jpeg Graphic file (type jpg)
<use 2.jpeg>
Package pdftex.def Info: 2.jpeg  used on input line 721.
(pdftex.def)             Requested size: 364.19615pt x 273.14774pt.

Overfull \hbox (489.68297pt too wide) has occurred while \output is active
  [] [][][][] [][][] [][][][] [][][][][][][][][][][] [][][][][] [][][][][] [][]
[][][][][][][][][][][][][] [][][][][] [][][][][][][][] [][][] [] [] [][]  
 []


Overfull \hbox (30.8066pt too wide) has occurred while \output is active
 [][]  
 []


Overfull \hbox (6.38062pt too wide) has occurred while \output is active
[] 
 []

[41

]
\openout4 = `cour.vrb'.

 (./cour.vrb
Overfull \hbox (77.87221pt too wide) in paragraph at lines 21--21
[]                                        \OT1/cmtt/m/n/10.95 className="btn bt
n-primary"[] 
 []


Overfull \hbox (31.8827pt too wide) in paragraph at lines 21--21
[]                                        \OT1/cmtt/m/n/10.95 onClick={resetFor
m}[] 
 []


Overfull \hbox (72.12352pt too wide) in paragraph at lines 21--21
[]                                        \OT1/cmtt/m/n/10.95 className="btn bt
n-danger"[] 
 []

)
Overfull \vbox (19.97499pt too high) detected at line 746
 []

File: 2.jpeg Graphic file (type jpg)
<use 2.jpeg>
Package pdftex.def Info: 2.jpeg  used on input line 746.
(pdftex.def)             Requested size: 364.19615pt x 273.14774pt.

Overfull \hbox (489.68297pt too wide) has occurred while \output is active
  [] [][][][] [][][] [][][][] [][][][][][][][][][][] [][][][][] [][][][][] [][]
[][][][][][][][][][][][][] [][][][][] [][][][][][][][] [][][] [] [] [][]  
 []


Overfull \hbox (30.8066pt too wide) has occurred while \output is active
 [][]  
 []


Overfull \hbox (6.38062pt too wide) has occurred while \output is active
[] 
 []

[42

]
\openout4 = `cour.vrb'.

 (./cour.vrb)
File: 2.jpeg Graphic file (type jpg)
<use 2.jpeg>
Package pdftex.def Info: 2.jpeg  used on input line 760.
(pdftex.def)             Requested size: 364.19615pt x 273.14774pt.

Overfull \hbox (489.68297pt too wide) has occurred while \output is active
  [] [][][][] [][][] [][][][] [][][][][][][][][][][] [][][][][] [][][][][] [][]
[][][][][][][][][][][][][] [][][][][] [][][][][][][][] [][][] [] [] [][]  
 []


Overfull \hbox (30.8066pt too wide) has occurred while \output is active
 [][]  
 []


Overfull \hbox (6.38062pt too wide) has occurred while \output is active
[] 
 []

[43

]
File: 2.jpeg Graphic file (type jpg)
<use 2.jpeg>
Package pdftex.def Info: 2.jpeg  used on input line 764.
(pdftex.def)             Requested size: 364.19615pt x 273.14774pt.

Overfull \hbox (489.68297pt too wide) has occurred while \output is active
  [] [][][][] [][][] [][][][] [][][][][][][][][][][] [][][][][] [][][][][] [][]
[][][][][][][][][][][][][] [][][][][] [][][][][][][][] [][][] [] [] [][]  
 []


Overfull \hbox (30.8066pt too wide) has occurred while \output is active
 [][]  
 []


Overfull \hbox (6.38062pt too wide) has occurred while \output is active
[] 
 []

[44

]
\openout4 = `cour.vrb'.

 (./cour.vrb)
File: 2.jpeg Graphic file (type jpg)
<use 2.jpeg>
Package pdftex.def Info: 2.jpeg  used on input line 769.
(pdftex.def)             Requested size: 364.19615pt x 273.14774pt.

Overfull \hbox (489.68297pt too wide) has occurred while \output is active
  [] [][][][] [][][] [][][][] [][][][][][][][][][][] [][][][][] [][][][][] [][]
[][][][][][][][][][][][][] [][][][][] [][][][][][][][] [][][] [] [] [][]  
 []


Overfull \hbox (30.8066pt too wide) has occurred while \output is active
 [][]  
 []


Overfull \hbox (6.38062pt too wide) has occurred while \output is active
[] 
 []

[45

]
\openout4 = `cour.vrb'.

 (./cour.vrb)
File: 2.jpeg Graphic file (type jpg)
<use 2.jpeg>
Package pdftex.def Info: 2.jpeg  used on input line 780.
(pdftex.def)             Requested size: 364.19615pt x 273.14774pt.

Overfull \hbox (489.68297pt too wide) has occurred while \output is active
  [] [][][][] [][][] [][][][] [][][][][][][][][][][] [][][][][] [][][][][] [][]
[][][][][][][][][][][][][] [][][][][] [][][][][][][][] [][][] [] [] [][]  
 []


Overfull \hbox (30.8066pt too wide) has occurred while \output is active
 [][]  
 []


Overfull \hbox (6.38062pt too wide) has occurred while \output is active
[] 
 []

[46

]
\openout4 = `cour.vrb'.

 (./cour.vrb
Overfull \vbox (3.50562pt too high) detected at line 4
 []

)
File: 2.jpeg Graphic file (type jpg)
<use 2.jpeg>
Package pdftex.def Info: 2.jpeg  used on input line 786.
(pdftex.def)             Requested size: 364.19615pt x 273.14774pt.

Overfull \hbox (489.68297pt too wide) has occurred while \output is active
  [] [][][][] [][][] [][][][] [][][][][][][][][][][] [][][][][] [][][][][] [][]
[][][][][][][][][][][][][] [][][][][] [][][][][][][][] [][][] [] [] [][]  
 []


Overfull \hbox (30.8066pt too wide) has occurred while \output is active
 [][]  
 []


Overfull \hbox (6.38062pt too wide) has occurred while \output is active
[] 
 []

[47

]
File: 2.jpeg Graphic file (type jpg)
<use 2.jpeg>
Package pdftex.def Info: 2.jpeg  used on input line 789.
(pdftex.def)             Requested size: 364.19615pt x 273.14774pt.

Overfull \hbox (489.68297pt too wide) has occurred while \output is active
  [] [][][][] [][][] [][][][] [][][][][][][][][][][] [][][][][] [][][][][] [][]
[][][][][][][][][][][][][] [][][][][] [][][][][][][][] [][][] [] [] [][]  
 []


Overfull \hbox (30.8066pt too wide) has occurred while \output is active
 [][]  
 []


Overfull \hbox (6.38062pt too wide) has occurred while \output is active
[] 
 []

[48

]
\openout4 = `cour.vrb'.

 (./cour.vrb)
File: 2.jpeg Graphic file (type jpg)
<use 2.jpeg>
Package pdftex.def Info: 2.jpeg  used on input line 800.
(pdftex.def)             Requested size: 364.19615pt x 273.14774pt.

Overfull \hbox (489.68297pt too wide) has occurred while \output is active
  [] [][][][] [][][] [][][][] [][][][][][][][][][][] [][][][][] [][][][][] [][]
[][][][][][][][][][][][][] [][][][][] [][][][][][][][] [][][] [] [] [][]  
 []


Overfull \hbox (30.8066pt too wide) has occurred while \output is active
 [][]  
 []


Overfull \hbox (6.38062pt too wide) has occurred while \output is active
[] 
 []

[49

]
\openout4 = `cour.vrb'.

 (./cour.vrb
Overfull \hbox (14.63664pt too wide) in paragraph at lines 18--18
[]\OT1/cmtt/m/n/10.95 // D^^Seclare un ^^Setat "count" avec une valeur initiale
 de 0[] 
 []

)
File: 2.jpeg Graphic file (type jpg)
<use 2.jpeg>
Package pdftex.def Info: 2.jpeg  used on input line 822.
(pdftex.def)             Requested size: 364.19615pt x 273.14774pt.

Overfull \hbox (489.68297pt too wide) has occurred while \output is active
  [] [][][][] [][][] [][][][] [][][][][][][][][][][] [][][][][] [][][][][] [][]
[][][][][][][][][][][][][] [][][][][] [][][][][][][][] [][][] [] [] [][]  
 []


Overfull \hbox (30.8066pt too wide) has occurred while \output is active
 [][]  
 []


Overfull \hbox (6.38062pt too wide) has occurred while \output is active
[] 
 []

[50

]
\openout4 = `cour.vrb'.

 (./cour.vrb)
File: 2.jpeg Graphic file (type jpg)
<use 2.jpeg>
Package pdftex.def Info: 2.jpeg  used on input line 834.
(pdftex.def)             Requested size: 364.19615pt x 273.14774pt.

Overfull \hbox (489.68297pt too wide) has occurred while \output is active
  [] [][][][] [][][] [][][][] [][][][][][][][][][][] [][][][][] [][][][][] [][]
[][][][][][][][][][][][][] [][][][][] [][][][][][][][] [][][] [] [] [][]  
 []


Overfull \hbox (30.8066pt too wide) has occurred while \output is active
 [][]  
 []


Overfull \hbox (6.38062pt too wide) has occurred while \output is active
[] 
 []

[51

]
\openout4 = `cour.vrb'.

 (./cour.vrb
Overfull \vbox (3.50562pt too high) detected at line 4
 []

)
File: 2.jpeg Graphic file (type jpg)
<use 2.jpeg>
Package pdftex.def Info: 2.jpeg  used on input line 840.
(pdftex.def)             Requested size: 364.19615pt x 273.14774pt.

Overfull \hbox (489.68297pt too wide) has occurred while \output is active
  [] [][][][] [][][] [][][][] [][][][][][][][][][][] [][][][][] [][][][][] [][]
[][][][][][][][][][][][][] [][][][][] [][][][][][][][] [][][] [] [] [][]  
 []


Overfull \hbox (30.8066pt too wide) has occurred while \output is active
 [][]  
 []


Overfull \hbox (6.38062pt too wide) has occurred while \output is active
[] 
 []

[52

]
\openout4 = `cour.vrb'.

 (./cour.vrb)
Overfull \vbox (44.12975pt too high) detected at line 861
 []

File: 2.jpeg Graphic file (type jpg)
<use 2.jpeg>
Package pdftex.def Info: 2.jpeg  used on input line 861.
(pdftex.def)             Requested size: 364.19615pt x 273.14774pt.

Overfull \hbox (489.68297pt too wide) has occurred while \output is active
  [] [][][][] [][][] [][][][] [][][][][][][][][][][] [][][][][] [][][][][] [][]
[][][][][][][][][][][][][] [][][][][] [][][][][][][][] [][][] [] [] [][]  
 []


Overfull \hbox (30.8066pt too wide) has occurred while \output is active
 [][]  
 []


Overfull \hbox (6.38062pt too wide) has occurred while \output is active
[] 
 []

[53

]
\openout4 = `cour.vrb'.

 (./cour.vrb)
Overfull \vbox (56.98808pt too high) detected at line 887
 []

File: 2.jpeg Graphic file (type jpg)
<use 2.jpeg>
Package pdftex.def Info: 2.jpeg  used on input line 887.
(pdftex.def)             Requested size: 364.19615pt x 273.14774pt.

Overfull \hbox (489.68297pt too wide) has occurred while \output is active
  [] [][][][] [][][] [][][][] [][][][][][][][][][][] [][][][][] [][][][][] [][]
[][][][][][][][][][][][][] [][][][][] [][][][][][][][] [][][] [] [] [][]  
 []


Overfull \hbox (30.8066pt too wide) has occurred while \output is active
 [][]  
 []


Overfull \hbox (6.38062pt too wide) has occurred while \output is active
[] 
 []

[54

]
File: 2.jpeg Graphic file (type jpg)
<use 2.jpeg>
Package pdftex.def Info: 2.jpeg  used on input line 888.
(pdftex.def)             Requested size: 364.19615pt x 273.14774pt.

Overfull \hbox (489.68297pt too wide) has occurred while \output is active
  [] [][][][] [][][] [][][][] [][][][][][][][][][][] [][][][][] [][][][][] [][]
[][][][][][][][][][][][][] [][][][][] [][][][][][][][] [][][] [] [] [][]  
 []


Overfull \hbox (30.8066pt too wide) has occurred while \output is active
 [][]  
 []


Overfull \hbox (6.38062pt too wide) has occurred while \output is active
[] 
 []

[55

]
\openout4 = `cour.vrb'.

 (./cour.vrb
Overfull \hbox (3.13927pt too wide) in paragraph at lines 14--14
[]\OT1/cmtt/m/n/10.95 Yup.string() : Pour valider des chaines de caract^^Reres.
[] 
 []


Overfull \hbox (83.6209pt too wide) in paragraph at lines 14--14
[]\OT1/cmtt/m/n/10.95 Yup.boolean() : Pour valider des valeurs bool^^Seennes (t
rue ou false).[] 
 []

)
File: 2.jpeg Graphic file (type jpg)
<use 2.jpeg>
Package pdftex.def Info: 2.jpeg  used on input line 904.
(pdftex.def)             Requested size: 364.19615pt x 273.14774pt.

Overfull \hbox (489.68297pt too wide) has occurred while \output is active
  [] [][][][] [][][] [][][][] [][][][][][][][][][][] [][][][][] [][][][][] [][]
[][][][][][][][][][][][][] [][][][][] [][][][][][][][] [][][] [] [] [][]  
 []


Overfull \hbox (30.8066pt too wide) has occurred while \output is active
 [][]  
 []


Overfull \hbox (6.38062pt too wide) has occurred while \output is active
[] 
 []

[56

]
Overfull \hbox (31.8827pt too wide) in paragraph at lines 1071--1071
[]\OT1/cmtt/m/n/10.95 import { Formik, Field, Form, ErrorMessage } from 'formik
';[] 
 []


Overfull \hbox (227.33809pt too wide) in paragraph at lines 1071--1071
[]\OT1/cmtt/m/n/10.95 import { AuthContext } from '../../context/AuthProvider';
 // Corrigez le chemin d'importation[] 
 []

File: 2.jpeg Graphic file (type jpg)
<use 2.jpeg>
Package pdftex.def Info: 2.jpeg  used on input line 1071.
(pdftex.def)             Requested size: 364.19615pt x 273.14774pt.

Overfull \hbox (489.68297pt too wide) has occurred while \output is active
  [] [][][][] [][][] [][][][] [][][][][][][][][][][] [][][][][] [][][][][] [][]
[][][][][][][][][][][][][] [][][][][] [][][][][][][][] [][][] [] [] [][]  
 []


Overfull \hbox (30.8066pt too wide) has occurred while \output is active
 [][]  
 []


Overfull \hbox (6.38062pt too wide) has occurred while \output is active
[] 
 []

[57

]
Underfull \vbox (badness 10000) has occurred while \output is active []

File: 2.jpeg Graphic file (type jpg)
<use 2.jpeg>
Package pdftex.def Info: 2.jpeg  used on input line 1071.
(pdftex.def)             Requested size: 364.19615pt x 273.14774pt.

Overfull \hbox (489.68297pt too wide) has occurred while \output is active
  [] [][][][] [][][] [][][][] [][][][][][][][][][][] [][][][][] [][][][][] [][]
[][][][][][][][][][][][][] [][][][][] [][][][][][][][] [][][] [] [] [][]  
 []


Overfull \hbox (30.8066pt too wide) has occurred while \output is active
 [][]  
 []


Overfull \hbox (6.38062pt too wide) has occurred while \output is active
[] 
 []

[58]
Overfull \hbox (106.61565pt too wide) in paragraph at lines 1071--1071
[]  \OT1/cmtt/m/n/10.95 const { user } = useContext(AuthContext); // Utilisez l
e contexte Auth[] 
 []


Underfull \vbox (badness 10000) has occurred while \output is active []

File: 2.jpeg Graphic file (type jpg)
<use 2.jpeg>
Package pdftex.def Info: 2.jpeg  used on input line 1071.
(pdftex.def)             Requested size: 364.19615pt x 273.14774pt.

Overfull \hbox (489.68297pt too wide) has occurred while \output is active
  [] [][][][] [][][] [][][][] [][][][][][][][][][][] [][][][][] [][][][][] [][]
[][][][][][][][][][][][][] [][][][][] [][][][][][][][] [][][] [] [] [][]  
 []


Overfull \hbox (30.8066pt too wide) has occurred while \output is active
 [][]  
 []


Overfull \hbox (6.38062pt too wide) has occurred while \output is active
[] 
 []

[59]
Overfull \hbox (100.86696pt too wide) in paragraph at lines 1071--1071
[]      \OT1/cmtt/m/n/10.95 const response = await fetch('http://localhost:8080
/api/cours', {[] 
 []


Overfull \hbox (198.59465pt too wide) in paragraph at lines 1071--1071
[]          \OT1/cmtt/m/n/10.95 'Authorization': `Bearer ${user.token}`, // Uti
lisez le token de l'utilisateur[] 
 []


Overfull \hbox (210.09203pt too wide) in paragraph at lines 1071--1071
[]        \OT1/cmtt/m/n/10.95 throw new Error('Une erreur est survenue lors de 
l\'enregistrement des donn^^Sees.');[] 
 []


Underfull \vbox (badness 10000) has occurred while \output is active []

File: 2.jpeg Graphic file (type jpg)
<use 2.jpeg>
Package pdftex.def Info: 2.jpeg  used on input line 1071.
(pdftex.def)             Requested size: 364.19615pt x 273.14774pt.

Overfull \hbox (489.68297pt too wide) has occurred while \output is active
  [] [][][][] [][][] [][][][] [][][][][][][][][][][] [][][][][] [][][][][] [][]
[][][][][][][][][][][][][] [][][][][] [][][][][][][][] [][][] [] [] [][]  
 []


Overfull \hbox (30.8066pt too wide) has occurred while \output is active
 [][]  
 []


Overfull \hbox (6.38062pt too wide) has occurred while \output is active
[] 
 []

[60]
Overfull \hbox (54.87746pt too wide) in paragraph at lines 1071--1071
[]          \OT1/cmtt/m/n/10.95 <h1 className="text-center">Enregistrer un cour
s</h1>[] 
 []


Underfull \vbox (badness 10000) has occurred while \output is active []

File: 2.jpeg Graphic file (type jpg)
<use 2.jpeg>
Package pdftex.def Info: 2.jpeg  used on input line 1071.
(pdftex.def)             Requested size: 364.19615pt x 273.14774pt.

Overfull \hbox (489.68297pt too wide) has occurred while \output is active
  [] [][][][] [][][] [][][][] [][][][][][][][][][][] [][][][][] [][][][][] [][]
[][][][][][][][][][][][][] [][][][][] [][][][][][][][] [][][] [] [] [][]  
 []


Overfull \hbox (30.8066pt too wide) has occurred while \output is active
 [][]  
 []


Overfull \hbox (6.38062pt too wide) has occurred while \output is active
[] 
 []

[61]
Overfull \hbox (20.38533pt too wide) in paragraph at lines 1071--1071
[]                  \OT1/cmtt/m/n/10.95 <label htmlFor="titre">Titre : </label>
[] 
 []


Overfull \hbox (89.36958pt too wide) in paragraph at lines 1071--1071
[]                  \OT1/cmtt/m/n/10.95 <label htmlFor="description">Descriptio
n : </label>[] 
 []


Underfull \vbox (badness 10000) has occurred while \output is active []

File: 2.jpeg Graphic file (type jpg)
<use 2.jpeg>
Package pdftex.def Info: 2.jpeg  used on input line 1071.
(pdftex.def)             Requested size: 364.19615pt x 273.14774pt.

Overfull \hbox (489.68297pt too wide) has occurred while \output is active
  [] [][][][] [][][] [][][][] [][][][][][][][][][][] [][][][][] [][][][][] [][]
[][][][][][][][][][][][][] [][][][][] [][][][][][][][] [][][] [] [] [][]  
 []


Overfull \hbox (30.8066pt too wide) has occurred while \output is active
 [][]  
 []


Overfull \hbox (6.38062pt too wide) has occurred while \output is active
[] 
 []

[62]
Overfull \hbox (8.88795pt too wide) in paragraph at lines 1071--1071
[]                  \OT1/cmtt/m/n/10.95 <label htmlFor="prix">Prix : </label>[]
 
 []


Underfull \vbox (badness 10000) has occurred while \output is active []

File: 2.jpeg Graphic file (type jpg)
<use 2.jpeg>
Package pdftex.def Info: 2.jpeg  used on input line 1071.
(pdftex.def)             Requested size: 364.19615pt x 273.14774pt.

Overfull \hbox (489.68297pt too wide) has occurred while \output is active
  [] [][][][] [][][] [][][][] [][][][][][][][][][][] [][][][][] [][][][][] [][]
[][][][][][][][][][][][][] [][][][][] [][][][][][][][] [][][] [] [] [][]  
 []


Overfull \hbox (30.8066pt too wide) has occurred while \output is active
 [][]  
 []


Overfull \hbox (6.38062pt too wide) has occurred while \output is active
[] 
 []

[63]
Overfull \hbox (37.6314pt too wide) in paragraph at lines 1071--1071
[]                  \OT1/cmtt/m/n/10.95 <label htmlFor="credit"> Credit : </lab
el>[] 
 []


Underfull \vbox (badness 10000) has occurred while \output is active []

File: 2.jpeg Graphic file (type jpg)
<use 2.jpeg>
Package pdftex.def Info: 2.jpeg  used on input line 1071.
(pdftex.def)             Requested size: 364.19615pt x 273.14774pt.

Overfull \hbox (489.68297pt too wide) has occurred while \output is active
  [] [][][][] [][][] [][][][] [][][][][][][][][][][] [][][][][] [][][][][] [][]
[][][][][][][][][][][][][] [][][][][] [][][][][][][][] [][][] [] [] [][]  
 []


Overfull \hbox (30.8066pt too wide) has occurred while \output is active
 [][]  
 []


Overfull \hbox (6.38062pt too wide) has occurred while \output is active
[] 
 []

[64]
Overfull \hbox (135.35909pt too wide) in paragraph at lines 1071--1071
[]                \OT1/cmtt/m/n/10.95 <div className="form-group d-flex justify
-content-end gap-3">[] 
 []


Underfull \vbox (badness 10000) has occurred while \output is active []

File: 2.jpeg Graphic file (type jpg)
<use 2.jpeg>
Package pdftex.def Info: 2.jpeg  used on input line 1071.
(pdftex.def)             Requested size: 364.19615pt x 273.14774pt.

Overfull \hbox (489.68297pt too wide) has occurred while \output is active
  [] [][][][] [][][] [][][][] [][][][][][][][][][][] [][][][][] [][][][][] [][]
[][][][][][][][][][][][][] [][][][][] [][][][][][][][] [][][] [] [] [][]  
 []


Overfull \hbox (30.8066pt too wide) has occurred while \output is active
 [][]  
 []


Overfull \hbox (6.38062pt too wide) has occurred while \output is active
[] 
 []

[65]
\openout4 = `cour.vrb'.

 (./cour.vrb)
Underfull \vbox (badness 10000) has occurred while \output is active []

File: 2.jpeg Graphic file (type jpg)
<use 2.jpeg>
Package pdftex.def Info: 2.jpeg  used on input line 1113.
(pdftex.def)             Requested size: 364.19615pt x 273.14774pt.

Overfull \hbox (489.68297pt too wide) has occurred while \output is active
  [] [][][][] [][][] [][][][] [][][][][][][][][][][] [][][][][] [][][][][] [][]
[][][][][][][][][][][][][] [][][][][] [][][][][][][][] [][][] [] [] [][]  
 []


Overfull \hbox (30.8066pt too wide) has occurred while \output is active
 [][]  
 []


Overfull \hbox (6.38062pt too wide) has occurred while \output is active
[] 
 []

[66]
File: 2.jpeg Graphic file (type jpg)
<use 2.jpeg>
Package pdftex.def Info: 2.jpeg  used on input line 1113.
(pdftex.def)             Requested size: 364.19615pt x 273.14774pt.

Overfull \hbox (489.68297pt too wide) has occurred while \output is active
  [] [][][][] [][][] [][][][] [][][][][][][][][][][] [][][][][] [][][][][] [][]
[][][][][][][][][][][][][] [][][][][] [][][][][][][][] [][][] [] [] [][]  
 []


Overfull \hbox (30.8066pt too wide) has occurred while \output is active
 [][]  
 []


Overfull \hbox (6.38062pt too wide) has occurred while \output is active
[] 
 []

[67]
\tf@nav=\write6
\openout6 = `cour.nav'.

\tf@toc=\write7
\openout7 = `cour.toc'.

\tf@snm=\write8
\openout8 = `cour.snm'.

 (./cour.aux)

LaTeX Font Warning: Some font shapes were not available, defaults substituted.

Package rerunfilecheck Info: File `cour.out' has not changed.
(rerunfilecheck)             Checksum: 14F21D22346048D0054F6999440D5470;2066.
 ) 
Here is how much of TeX's memory you used:
 26840 strings out of 480177
 513768 string characters out of 5893866
 978477 words of memory out of 5000000
 44053 multiletter control sequences out of 15000+600000
 476226 words of font info for 54 fonts, out of 8000000 for 9000
 36 hyphenation exceptions out of 8191
 99i,20n,104p,384b,1781s stack positions out of 5000i,500n,10000p,200000b,80000s
 </home/sarata/.texlive2021/texmf-var/fonts/pk/ljfour/jknappen/ec/tcss1095.60
0pk></usr/share/texlive/texmf-dist/fonts/type1/public/amsfonts/cm/cmmi10.pfb></
usr/share/texlive/texmf-dist/fonts/type1/public/amsfonts/cm/cmss10.pfb></usr/sh
are/texlive/texmf-dist/fonts/type1/public/amsfonts/cm/cmss12.pfb></usr/share/te
xlive/texmf-dist/fonts/type1/public/amsfonts/cm/cmss8.pfb></usr/share/texlive/t
exmf-dist/fonts/type1/public/amsfonts/cm/cmssbx10.pfb></usr/share/texlive/texmf
-dist/fonts/type1/public/amsfonts/cm/cmsy10.pfb></usr/share/texlive/texmf-dist/
fonts/type1/public/amsfonts/cm/cmtt10.pfb>
Output written on cour.pdf (67 pages, 606761 bytes).
PDF statistics:
 7111 PDF objects out of 7423 (max. 8388607)
 6559 compressed objects within 66 object streams
 148 named destinations out of 1000 (max. 500000)
 2113 words of extra memory for PDF output out of 10000 (max. 10000000)

